================================================================================
HPLinpack 2.3  --  High-Performance Linpack benchmark  --   December 2, 2018
Written by A. Petitet and R. Clint Whaley,  Innovative Computing Laboratory, UTK
Modified by Piotr Luszczek, Innovative Computing Laboratory, UTK
Modified by Julien Langou, University of Colorado Denver
================================================================================

An explanation of the input/output parameters follows:
T/V    : Wall time / encoded variant.
N      : The order of the coefficient matrix A.
NB     : The partitioning blocking factor.
P      : The number of process rows.
Q      : The number of process columns.
Time   : Time in seconds to solve the linear system.
Gflops : Rate of execution for solving the linear system.

The following parameter values will be used:

N      :    1960     2048 
NB     :      60       80 
PMAP   : Row-major process mapping
P      :       1        1 
Q      :       3        3 
PFACT  :    Left    Crout    Right 
NBMIN  :       2        4 
NDIV   :       2 
RFACT  :    Left    Crout    Right 
BCAST  :   1ring 
DEPTH  :       0 
SWAP   : Mix (threshold = 64)
L1     : transposed form
U      : transposed form
EQUIL  : yes
ALIGN  : 8 double precision words

--------------------------------------------------------------------------------

- The matrix A is randomly generated for each test.
- The following scaled residual check will be computed:
      ||Ax-b||_oo / ( eps * ( || x ||_oo * || A ||_oo + || b ||_oo ) * N )
- The relative machine precision (eps) is taken to be               1.110223e-16
- Computational tests pass if scaled residuals are less than                16.0

================================================================================
T/V                N    NB     P     Q               Time                 Gflops
--------------------------------------------------------------------------------
WR00L2L2        1960    60     1     3               3.55             1.4136e+00
HPL_pdgesv() start time Fri Apr 25 01:27:11 2025

HPL_pdgesv() end time   Fri Apr 25 01:27:15 2025

--------------------------------------------------------------------------------
||Ax-b||_oo/(eps*(||A||_oo*||x||_oo+||b||_oo)*N)=   6.08566207e-03 ...... PASSED
================================================================================
T/V                N    NB     P     Q               Time                 Gflops
--------------------------------------------------------------------------------
WR00L2L4        1960    60     1     3               4.21             1.1933e+00
HPL_pdgesv() start time Fri Apr 25 01:27:15 2025

HPL_pdgesv() end time   Fri Apr 25 01:27:19 2025

--------------------------------------------------------------------------------
||Ax-b||_oo/(eps*(||A||_oo*||x||_oo+||b||_oo)*N)=   5.11204185e-03 ...... PASSED
================================================================================
T/V                N    NB     P     Q               Time                 Gflops
--------------------------------------------------------------------------------
WR00L2C2        1960    60     1     3               4.24             1.1846e+00
HPL_pdgesv() start time Fri Apr 25 01:27:19 2025

HPL_pdgesv() end time   Fri Apr 25 01:27:24 2025

--------------------------------------------------------------------------------
||Ax-b||_oo/(eps*(||A||_oo*||x||_oo+||b||_oo)*N)=   6.08566207e-03 ...... PASSED
================================================================================
T/V                N    NB     P     Q               Time                 Gflops
--------------------------------------------------------------------------------
WR00L2C4        1960    60     1     3               5.22             9.6243e-01
HPL_pdgesv() start time Fri Apr 25 01:27:24 2025

HPL_pdgesv() end time   Fri Apr 25 01:27:29 2025

--------------------------------------------------------------------------------
||Ax-b||_oo/(eps*(||A||_oo*||x||_oo+||b||_oo)*N)=   4.37446786e-03 ...... PASSED
================================================================================
T/V                N    NB     P     Q               Time                 Gflops
--------------------------------------------------------------------------------
WR00L2R2        1960    60     1     3               5.27             9.5276e-01
HPL_pdgesv() start time Fri Apr 25 01:27:29 2025

HPL_pdgesv() end time   Fri Apr 25 01:27:34 2025

--------------------------------------------------------------------------------
||Ax-b||_oo/(eps*(||A||_oo*||x||_oo+||b||_oo)*N)=   6.08566207e-03 ...... PASSED
================================================================================
T/V                N    NB     P     Q               Time                 Gflops
--------------------------------------------------------------------------------
WR00L2R4        1960    60     1     3               3.59             1.3982e+00
HPL_pdgesv() start time Fri Apr 25 01:27:35 2025

HPL_pdgesv() end time   Fri Apr 25 01:27:38 2025

--------------------------------------------------------------------------------
||Ax-b||_oo/(eps*(||A||_oo*||x||_oo+||b||_oo)*N)=   4.37446786e-03 ...... PASSED
================================================================================
T/V                N    NB     P     Q               Time                 Gflops
--------------------------------------------------------------------------------
WR00C2L2        1960    60     1     3               4.44             1.1312e+00
HPL_pdgesv() start time Fri Apr 25 01:27:39 2025

HPL_pdgesv() end time   Fri Apr 25 01:27:43 2025

--------------------------------------------------------------------------------
||Ax-b||_oo/(eps*(||A||_oo*||x||_oo+||b||_oo)*N)=   6.08566207e-03 ...... PASSED
================================================================================
T/V                N    NB     P     Q               Time                 Gflops
--------------------------------------------------------------------------------
WR00C2L4        1960    60     1     3               4.52             1.1111e+00
HPL_pdgesv() start time Fri Apr 25 01:27:43 2025

HPL_pdgesv() end time   Fri Apr 25 01:27:48 2025

--------------------------------------------------------------------------------
||Ax-b||_oo/(eps*(||A||_oo*||x||_oo+||b||_oo)*N)=   5.11204185e-03 ...... PASSED
================================================================================
T/V                N    NB     P     Q               Time                 Gflops
--------------------------------------------------------------------------------
WR00C2C2        1960    60     1     3               3.18             1.5808e+00
HPL_pdgesv() start time Fri Apr 25 01:27:48 2025

HPL_pdgesv() end time   Fri Apr 25 01:27:51 2025

--------------------------------------------------------------------------------
||Ax-b||_oo/(eps*(||A||_oo*||x||_oo+||b||_oo)*N)=   6.08566207e-03 ...... PASSED
================================================================================
T/V                N    NB     P     Q               Time                 Gflops
--------------------------------------------------------------------------------
WR00C2C4        1960    60     1     3               3.62             1.3884e+00
HPL_pdgesv() start time Fri Apr 25 01:27:51 2025

HPL_pdgesv() end time   Fri Apr 25 01:27:55 2025

--------------------------------------------------------------------------------
||Ax-b||_oo/(eps*(||A||_oo*||x||_oo+||b||_oo)*N)=   4.37446786e-03 ...... PASSED
================================================================================
T/V                N    NB     P     Q               Time                 Gflops
--------------------------------------------------------------------------------
WR00C2R2        1960    60     1     3               3.22             1.5623e+00
HPL_pdgesv() start time Fri Apr 25 01:27:55 2025

HPL_pdgesv() end time   Fri Apr 25 01:27:58 2025

--------------------------------------------------------------------------------
||Ax-b||_oo/(eps*(||A||_oo*||x||_oo+||b||_oo)*N)=   6.08566207e-03 ...... PASSED
================================================================================
T/V                N    NB     P     Q               Time                 Gflops
--------------------------------------------------------------------------------
WR00C2R4        1960    60     1     3               4.82             1.0435e+00
HPL_pdgesv() start time Fri Apr 25 01:27:59 2025

HPL_pdgesv() end time   Fri Apr 25 01:28:03 2025

--------------------------------------------------------------------------------
||Ax-b||_oo/(eps*(||A||_oo*||x||_oo+||b||_oo)*N)=   4.37446786e-03 ...... PASSED
================================================================================
T/V                N    NB     P     Q               Time                 Gflops
--------------------------------------------------------------------------------
WR00R2L2        1960    60     1     3               4.03             1.2462e+00
HPL_pdgesv() start time Fri Apr 25 01:28:03 2025

HPL_pdgesv() end time   Fri Apr 25 01:28:08 2025

--------------------------------------------------------------------------------
||Ax-b||_oo/(eps*(||A||_oo*||x||_oo+||b||_oo)*N)=   6.08566207e-03 ...... PASSED
================================================================================
T/V                N    NB     P     Q               Time                 Gflops
--------------------------------------------------------------------------------
WR00R2L4        1960    60     1     3               4.47             1.1240e+00
HPL_pdgesv() start time Fri Apr 25 01:28:08 2025

HPL_pdgesv() end time   Fri Apr 25 01:28:12 2025

--------------------------------------------------------------------------------
||Ax-b||_oo/(eps*(||A||_oo*||x||_oo+||b||_oo)*N)=   5.11204185e-03 ...... PASSED
================================================================================
T/V                N    NB     P     Q               Time                 Gflops
--------------------------------------------------------------------------------
WR00R2C2        1960    60     1     3               3.87             1.2987e+00
HPL_pdgesv() start time Fri Apr 25 01:28:12 2025

HPL_pdgesv() end time   Fri Apr 25 01:28:16 2025

--------------------------------------------------------------------------------
||Ax-b||_oo/(eps*(||A||_oo*||x||_oo+||b||_oo)*N)=   6.08566207e-03 ...... PASSED
================================================================================
T/V                N    NB     P     Q               Time                 Gflops
--------------------------------------------------------------------------------
WR00R2C4        1960    60     1     3               4.19             1.2007e+00
HPL_pdgesv() start time Fri Apr 25 01:28:16 2025

HPL_pdgesv() end time   Fri Apr 25 01:28:21 2025

--------------------------------------------------------------------------------
||Ax-b||_oo/(eps*(||A||_oo*||x||_oo+||b||_oo)*N)=   4.37446786e-03 ...... PASSED
================================================================================
T/V                N    NB     P     Q               Time                 Gflops
--------------------------------------------------------------------------------
WR00R2R2        1960    60     1     3               3.25             1.5457e+00
HPL_pdgesv() start time Fri Apr 25 01:28:21 2025

HPL_pdgesv() end time   Fri Apr 25 01:28:24 2025

--------------------------------------------------------------------------------
||Ax-b||_oo/(eps*(||A||_oo*||x||_oo+||b||_oo)*N)=   6.08566207e-03 ...... PASSED
================================================================================
T/V                N    NB     P     Q               Time                 Gflops
--------------------------------------------------------------------------------
WR00R2R4        1960    60     1     3               3.44             1.4626e+00
HPL_pdgesv() start time Fri Apr 25 01:28:24 2025

HPL_pdgesv() end time   Fri Apr 25 01:28:28 2025

--------------------------------------------------------------------------------
||Ax-b||_oo/(eps*(||A||_oo*||x||_oo+||b||_oo)*N)=   4.37446786e-03 ...... PASSED
================================================================================
T/V                N    NB     P     Q               Time                 Gflops
--------------------------------------------------------------------------------
WR00L2L2        1960    80     1     3               2.53             1.9841e+00
HPL_pdgesv() start time Fri Apr 25 01:28:28 2025

HPL_pdgesv() end time   Fri Apr 25 01:28:30 2025

--------------------------------------------------------------------------------
||Ax-b||_oo/(eps*(||A||_oo*||x||_oo+||b||_oo)*N)=   5.20767836e-03 ...... PASSED
================================================================================
T/V                N    NB     P     Q               Time                 Gflops
--------------------------------------------------------------------------------
WR00L2L4        1960    80     1     3               3.25             1.5452e+00
HPL_pdgesv() start time Fri Apr 25 01:28:31 2025

HPL_pdgesv() end time   Fri Apr 25 01:28:34 2025

--------------------------------------------------------------------------------
||Ax-b||_oo/(eps*(||A||_oo*||x||_oo+||b||_oo)*N)=   3.68832105e-03 ...... PASSED
================================================================================
T/V                N    NB     P     Q               Time                 Gflops
--------------------------------------------------------------------------------
WR00L2C2        1960    80     1     3               2.84             1.7675e+00
HPL_pdgesv() start time Fri Apr 25 01:28:34 2025

HPL_pdgesv() end time   Fri Apr 25 01:28:37 2025

--------------------------------------------------------------------------------
||Ax-b||_oo/(eps*(||A||_oo*||x||_oo+||b||_oo)*N)=   5.20767836e-03 ...... PASSED
================================================================================
T/V                N    NB     P     Q               Time                 Gflops
--------------------------------------------------------------------------------
WR00L2C4        1960    80     1     3               2.59             1.9368e+00
HPL_pdgesv() start time Fri Apr 25 01:28:37 2025

HPL_pdgesv() end time   Fri Apr 25 01:28:40 2025

--------------------------------------------------------------------------------
||Ax-b||_oo/(eps*(||A||_oo*||x||_oo+||b||_oo)*N)=   5.08317045e-03 ...... PASSED
================================================================================
T/V                N    NB     P     Q               Time                 Gflops
--------------------------------------------------------------------------------
WR00L2R2        1960    80     1     3               2.62             1.9158e+00
HPL_pdgesv() start time Fri Apr 25 01:28:40 2025

HPL_pdgesv() end time   Fri Apr 25 01:28:42 2025

--------------------------------------------------------------------------------
||Ax-b||_oo/(eps*(||A||_oo*||x||_oo+||b||_oo)*N)=   5.20767836e-03 ...... PASSED
================================================================================
T/V                N    NB     P     Q               Time                 Gflops
--------------------------------------------------------------------------------
WR00L2R4        1960    80     1     3               2.71             1.8573e+00
HPL_pdgesv() start time Fri Apr 25 01:28:43 2025

HPL_pdgesv() end time   Fri Apr 25 01:28:45 2025

--------------------------------------------------------------------------------
||Ax-b||_oo/(eps*(||A||_oo*||x||_oo+||b||_oo)*N)=   5.08317045e-03 ...... PASSED
================================================================================
T/V                N    NB     P     Q               Time                 Gflops
--------------------------------------------------------------------------------
WR00C2L2        1960    80     1     3               3.01             1.6702e+00
HPL_pdgesv() start time Fri Apr 25 01:28:46 2025

HPL_pdgesv() end time   Fri Apr 25 01:28:49 2025

--------------------------------------------------------------------------------
||Ax-b||_oo/(eps*(||A||_oo*||x||_oo+||b||_oo)*N)=   5.20767836e-03 ...... PASSED
================================================================================
T/V                N    NB     P     Q               Time                 Gflops
--------------------------------------------------------------------------------
WR00C2L4        1960    80     1     3               3.89             1.2916e+00
HPL_pdgesv() start time Fri Apr 25 01:28:49 2025

HPL_pdgesv() end time   Fri Apr 25 01:28:53 2025

--------------------------------------------------------------------------------
||Ax-b||_oo/(eps*(||A||_oo*||x||_oo+||b||_oo)*N)=   3.68832105e-03 ...... PASSED
================================================================================
T/V                N    NB     P     Q               Time                 Gflops
--------------------------------------------------------------------------------
WR00C2C2        1960    80     1     3               3.16             1.5923e+00
HPL_pdgesv() start time Fri Apr 25 01:28:53 2025

HPL_pdgesv() end time   Fri Apr 25 01:28:56 2025

--------------------------------------------------------------------------------
||Ax-b||_oo/(eps*(||A||_oo*||x||_oo+||b||_oo)*N)=   5.20767836e-03 ...... PASSED
================================================================================
T/V                N    NB     P     Q               Time                 Gflops
--------------------------------------------------------------------------------
WR00C2C4        1960    80     1     3               3.45             1.4576e+00
HPL_pdgesv() start time Fri Apr 25 01:28:56 2025

HPL_pdgesv() end time   Fri Apr 25 01:29:00 2025

--------------------------------------------------------------------------------
||Ax-b||_oo/(eps*(||A||_oo*||x||_oo+||b||_oo)*N)=   5.08317045e-03 ...... PASSED
================================================================================
T/V                N    NB     P     Q               Time                 Gflops
--------------------------------------------------------------------------------
WR00C2R2        1960    80     1     3               3.92             1.2828e+00
HPL_pdgesv() start time Fri Apr 25 01:29:00 2025

HPL_pdgesv() end time   Fri Apr 25 01:29:04 2025

--------------------------------------------------------------------------------
||Ax-b||_oo/(eps*(||A||_oo*||x||_oo+||b||_oo)*N)=   5.20767836e-03 ...... PASSED
================================================================================
T/V                N    NB     P     Q               Time                 Gflops
--------------------------------------------------------------------------------
WR00C2R4        1960    80     1     3               3.39             1.4821e+00
HPL_pdgesv() start time Fri Apr 25 01:29:04 2025

HPL_pdgesv() end time   Fri Apr 25 01:29:07 2025

--------------------------------------------------------------------------------
||Ax-b||_oo/(eps*(||A||_oo*||x||_oo+||b||_oo)*N)=   5.08317045e-03 ...... PASSED
================================================================================
T/V                N    NB     P     Q               Time                 Gflops
--------------------------------------------------------------------------------
WR00R2L2        1960    80     1     3               3.53             1.4227e+00
HPL_pdgesv() start time Fri Apr 25 01:29:08 2025

HPL_pdgesv() end time   Fri Apr 25 01:29:11 2025

--------------------------------------------------------------------------------
||Ax-b||_oo/(eps*(||A||_oo*||x||_oo+||b||_oo)*N)=   5.20767836e-03 ...... PASSED
================================================================================
T/V                N    NB     P     Q               Time                 Gflops
--------------------------------------------------------------------------------
WR00R2L4        1960    80     1     3               2.59             1.9381e+00
HPL_pdgesv() start time Fri Apr 25 01:29:11 2025

HPL_pdgesv() end time   Fri Apr 25 01:29:14 2025

--------------------------------------------------------------------------------
||Ax-b||_oo/(eps*(||A||_oo*||x||_oo+||b||_oo)*N)=   3.68832105e-03 ...... PASSED
================================================================================
T/V                N    NB     P     Q               Time                 Gflops
--------------------------------------------------------------------------------
WR00R2C2        1960    80     1     3               3.43             1.4664e+00
HPL_pdgesv() start time Fri Apr 25 01:29:14 2025

HPL_pdgesv() end time   Fri Apr 25 01:29:17 2025

--------------------------------------------------------------------------------
||Ax-b||_oo/(eps*(||A||_oo*||x||_oo+||b||_oo)*N)=   5.20767836e-03 ...... PASSED
================================================================================
T/V                N    NB     P     Q               Time                 Gflops
--------------------------------------------------------------------------------
WR00R2C4        1960    80     1     3               2.82             1.7828e+00
HPL_pdgesv() start time Fri Apr 25 01:29:18 2025

HPL_pdgesv() end time   Fri Apr 25 01:29:20 2025

--------------------------------------------------------------------------------
||Ax-b||_oo/(eps*(||A||_oo*||x||_oo+||b||_oo)*N)=   5.08317045e-03 ...... PASSED
================================================================================
T/V                N    NB     P     Q               Time                 Gflops
--------------------------------------------------------------------------------
WR00R2R2        1960    80     1     3               3.32             1.5134e+00
HPL_pdgesv() start time Fri Apr 25 01:29:21 2025

HPL_pdgesv() end time   Fri Apr 25 01:29:24 2025

--------------------------------------------------------------------------------
||Ax-b||_oo/(eps*(||A||_oo*||x||_oo+||b||_oo)*N)=   5.20767836e-03 ...... PASSED
================================================================================
T/V                N    NB     P     Q               Time                 Gflops
--------------------------------------------------------------------------------
WR00R2R4        1960    80     1     3               2.48             2.0233e+00
HPL_pdgesv() start time Fri Apr 25 01:29:24 2025

HPL_pdgesv() end time   Fri Apr 25 01:29:27 2025

--------------------------------------------------------------------------------
||Ax-b||_oo/(eps*(||A||_oo*||x||_oo+||b||_oo)*N)=   5.08317045e-03 ...... PASSED
================================================================================
T/V                N    NB     P     Q               Time                 Gflops
--------------------------------------------------------------------------------
WR00L2L2        2048    60     1     3               2.82             2.0348e+00
HPL_pdgesv() start time Fri Apr 25 01:29:27 2025

HPL_pdgesv() end time   Fri Apr 25 01:29:30 2025

--------------------------------------------------------------------------------
||Ax-b||_oo/(eps*(||A||_oo*||x||_oo+||b||_oo)*N)=   5.71892065e-03 ...... PASSED
================================================================================
T/V                N    NB     P     Q               Time                 Gflops
--------------------------------------------------------------------------------
WR00L2L4        2048    60     1     3               3.55             1.6170e+00
HPL_pdgesv() start time Fri Apr 25 01:29:30 2025

HPL_pdgesv() end time   Fri Apr 25 01:29:33 2025

--------------------------------------------------------------------------------
||Ax-b||_oo/(eps*(||A||_oo*||x||_oo+||b||_oo)*N)=   5.41159548e-03 ...... PASSED
================================================================================
T/V                N    NB     P     Q               Time                 Gflops
--------------------------------------------------------------------------------
WR00L2C2        2048    60     1     3               3.61             1.5864e+00
HPL_pdgesv() start time Fri Apr 25 01:29:34 2025

HPL_pdgesv() end time   Fri Apr 25 01:29:37 2025

--------------------------------------------------------------------------------
||Ax-b||_oo/(eps*(||A||_oo*||x||_oo+||b||_oo)*N)=   5.71892065e-03 ...... PASSED
================================================================================
T/V                N    NB     P     Q               Time                 Gflops
--------------------------------------------------------------------------------
WR00L2C4        2048    60     1     3               3.08             1.8612e+00
HPL_pdgesv() start time Fri Apr 25 01:29:37 2025

HPL_pdgesv() end time   Fri Apr 25 01:29:40 2025

--------------------------------------------------------------------------------
||Ax-b||_oo/(eps*(||A||_oo*||x||_oo+||b||_oo)*N)=   5.43776266e-03 ...... PASSED
================================================================================
T/V                N    NB     P     Q               Time                 Gflops
--------------------------------------------------------------------------------
WR00L2R2        2048    60     1     3               3.71             1.5449e+00
HPL_pdgesv() start time Fri Apr 25 01:29:41 2025

HPL_pdgesv() end time   Fri Apr 25 01:29:44 2025

--------------------------------------------------------------------------------
||Ax-b||_oo/(eps*(||A||_oo*||x||_oo+||b||_oo)*N)=   5.71892065e-03 ...... PASSED
================================================================================
T/V                N    NB     P     Q               Time                 Gflops
--------------------------------------------------------------------------------
WR00L2R4        2048    60     1     3               2.95             1.9423e+00
HPL_pdgesv() start time Fri Apr 25 01:29:45 2025

HPL_pdgesv() end time   Fri Apr 25 01:29:47 2025

--------------------------------------------------------------------------------
||Ax-b||_oo/(eps*(||A||_oo*||x||_oo+||b||_oo)*N)=   5.43776266e-03 ...... PASSED
================================================================================
T/V                N    NB     P     Q               Time                 Gflops
--------------------------------------------------------------------------------
WR00C2L2        2048    60     1     3               4.51             1.2706e+00
HPL_pdgesv() start time Fri Apr 25 01:29:48 2025

HPL_pdgesv() end time   Fri Apr 25 01:29:52 2025

--------------------------------------------------------------------------------
||Ax-b||_oo/(eps*(||A||_oo*||x||_oo+||b||_oo)*N)=   5.71892065e-03 ...... PASSED
================================================================================
T/V                N    NB     P     Q               Time                 Gflops
--------------------------------------------------------------------------------
WR00C2L4        2048    60     1     3               3.48             1.6477e+00
HPL_pdgesv() start time Fri Apr 25 01:29:52 2025

HPL_pdgesv() end time   Fri Apr 25 01:29:56 2025

--------------------------------------------------------------------------------
||Ax-b||_oo/(eps*(||A||_oo*||x||_oo+||b||_oo)*N)=   5.41159548e-03 ...... PASSED
================================================================================
T/V                N    NB     P     Q               Time                 Gflops
--------------------------------------------------------------------------------
WR00C2C2        2048    60     1     3               3.36             1.7075e+00
HPL_pdgesv() start time Fri Apr 25 01:29:56 2025

HPL_pdgesv() end time   Fri Apr 25 01:29:59 2025

--------------------------------------------------------------------------------
||Ax-b||_oo/(eps*(||A||_oo*||x||_oo+||b||_oo)*N)=   5.71892065e-03 ...... PASSED
================================================================================
T/V                N    NB     P     Q               Time                 Gflops
--------------------------------------------------------------------------------
WR00C2C4        2048    60     1     3               3.31             1.7320e+00
HPL_pdgesv() start time Fri Apr 25 01:30:00 2025

HPL_pdgesv() end time   Fri Apr 25 01:30:03 2025

--------------------------------------------------------------------------------
||Ax-b||_oo/(eps*(||A||_oo*||x||_oo+||b||_oo)*N)=   5.43776266e-03 ...... PASSED
================================================================================
T/V                N    NB     P     Q               Time                 Gflops
--------------------------------------------------------------------------------
WR00C2R2        2048    60     1     3               2.91             1.9710e+00
HPL_pdgesv() start time Fri Apr 25 01:30:03 2025

HPL_pdgesv() end time   Fri Apr 25 01:30:06 2025

--------------------------------------------------------------------------------
||Ax-b||_oo/(eps*(||A||_oo*||x||_oo+||b||_oo)*N)=   5.71892065e-03 ...... PASSED
================================================================================
T/V                N    NB     P     Q               Time                 Gflops
--------------------------------------------------------------------------------
WR00C2R4        2048    60     1     3               3.20             1.7900e+00
HPL_pdgesv() start time Fri Apr 25 01:30:06 2025

HPL_pdgesv() end time   Fri Apr 25 01:30:09 2025

--------------------------------------------------------------------------------
||Ax-b||_oo/(eps*(||A||_oo*||x||_oo+||b||_oo)*N)=   5.43776266e-03 ...... PASSED
================================================================================
T/V                N    NB     P     Q               Time                 Gflops
--------------------------------------------------------------------------------
WR00R2L2        2048    60     1     3               3.24             1.7720e+00
HPL_pdgesv() start time Fri Apr 25 01:30:10 2025

HPL_pdgesv() end time   Fri Apr 25 01:30:13 2025

--------------------------------------------------------------------------------
||Ax-b||_oo/(eps*(||A||_oo*||x||_oo+||b||_oo)*N)=   5.71892065e-03 ...... PASSED
================================================================================
T/V                N    NB     P     Q               Time                 Gflops
--------------------------------------------------------------------------------
WR00R2L4        2048    60     1     3               3.30             1.7363e+00
HPL_pdgesv() start time Fri Apr 25 01:30:13 2025

HPL_pdgesv() end time   Fri Apr 25 01:30:16 2025

--------------------------------------------------------------------------------
||Ax-b||_oo/(eps*(||A||_oo*||x||_oo+||b||_oo)*N)=   5.41159548e-03 ...... PASSED
================================================================================
T/V                N    NB     P     Q               Time                 Gflops
--------------------------------------------------------------------------------
WR00R2C2        2048    60     1     3               3.20             1.7919e+00
HPL_pdgesv() start time Fri Apr 25 01:30:17 2025

HPL_pdgesv() end time   Fri Apr 25 01:30:20 2025

--------------------------------------------------------------------------------
||Ax-b||_oo/(eps*(||A||_oo*||x||_oo+||b||_oo)*N)=   5.71892065e-03 ...... PASSED
================================================================================
T/V                N    NB     P     Q               Time                 Gflops
--------------------------------------------------------------------------------
WR00R2C4        2048    60     1     3               2.69             2.1301e+00
HPL_pdgesv() start time Fri Apr 25 01:30:20 2025

HPL_pdgesv() end time   Fri Apr 25 01:30:23 2025

--------------------------------------------------------------------------------
||Ax-b||_oo/(eps*(||A||_oo*||x||_oo+||b||_oo)*N)=   5.43776266e-03 ...... PASSED
================================================================================
T/V                N    NB     P     Q               Time                 Gflops
--------------------------------------------------------------------------------
WR00R2R2        2048    60     1     3               2.61             2.1960e+00
HPL_pdgesv() start time Fri Apr 25 01:30:23 2025

HPL_pdgesv() end time   Fri Apr 25 01:30:26 2025

--------------------------------------------------------------------------------
||Ax-b||_oo/(eps*(||A||_oo*||x||_oo+||b||_oo)*N)=   5.71892065e-03 ...... PASSED
================================================================================
T/V                N    NB     P     Q               Time                 Gflops
--------------------------------------------------------------------------------
WR00R2R4        2048    60     1     3               3.40             1.6880e+00
HPL_pdgesv() start time Fri Apr 25 01:30:26 2025

HPL_pdgesv() end time   Fri Apr 25 01:30:29 2025

--------------------------------------------------------------------------------
||Ax-b||_oo/(eps*(||A||_oo*||x||_oo+||b||_oo)*N)=   5.43776266e-03 ...... PASSED
================================================================================
T/V                N    NB     P     Q               Time                 Gflops
--------------------------------------------------------------------------------
WR00L2L2        2048    80     1     3               3.16             1.8150e+00
HPL_pdgesv() start time Fri Apr 25 01:30:29 2025

HPL_pdgesv() end time   Fri Apr 25 01:30:32 2025

--------------------------------------------------------------------------------
||Ax-b||_oo/(eps*(||A||_oo*||x||_oo+||b||_oo)*N)=   4.89715986e-03 ...... PASSED
================================================================================
T/V                N    NB     P     Q               Time                 Gflops
--------------------------------------------------------------------------------
WR00L2L4        2048    80     1     3               3.85             1.4884e+00
HPL_pdgesv() start time Fri Apr 25 01:30:33 2025

HPL_pdgesv() end time   Fri Apr 25 01:30:37 2025

--------------------------------------------------------------------------------
||Ax-b||_oo/(eps*(||A||_oo*||x||_oo+||b||_oo)*N)=   5.53519365e-03 ...... PASSED
================================================================================
T/V                N    NB     P     Q               Time                 Gflops
--------------------------------------------------------------------------------
WR00L2C2        2048    80     1     3               3.70             1.5508e+00
HPL_pdgesv() start time Fri Apr 25 01:30:37 2025

HPL_pdgesv() end time   Fri Apr 25 01:30:40 2025

--------------------------------------------------------------------------------
||Ax-b||_oo/(eps*(||A||_oo*||x||_oo+||b||_oo)*N)=   4.89715986e-03 ...... PASSED
================================================================================
T/V                N    NB     P     Q               Time                 Gflops
--------------------------------------------------------------------------------
WR00L2C4        2048    80     1     3               4.07             1.4100e+00
HPL_pdgesv() start time Fri Apr 25 01:30:41 2025

HPL_pdgesv() end time   Fri Apr 25 01:30:45 2025

--------------------------------------------------------------------------------
||Ax-b||_oo/(eps*(||A||_oo*||x||_oo+||b||_oo)*N)=   4.93223501e-03 ...... PASSED
================================================================================
T/V                N    NB     P     Q               Time                 Gflops
--------------------------------------------------------------------------------
WR00L2R2        2048    80     1     3               3.71             1.5449e+00
HPL_pdgesv() start time Fri Apr 25 01:30:45 2025

HPL_pdgesv() end time   Fri Apr 25 01:30:49 2025

--------------------------------------------------------------------------------
||Ax-b||_oo/(eps*(||A||_oo*||x||_oo+||b||_oo)*N)=   4.89715986e-03 ...... PASSED
================================================================================
T/V                N    NB     P     Q               Time                 Gflops
--------------------------------------------------------------------------------
WR00L2R4        2048    80     1     3               3.97             1.4442e+00
HPL_pdgesv() start time Fri Apr 25 01:30:49 2025

HPL_pdgesv() end time   Fri Apr 25 01:30:53 2025

--------------------------------------------------------------------------------
||Ax-b||_oo/(eps*(||A||_oo*||x||_oo+||b||_oo)*N)=   4.93223501e-03 ...... PASSED
================================================================================
T/V                N    NB     P     Q               Time                 Gflops
--------------------------------------------------------------------------------
WR00C2L2        2048    80     1     3               3.19             1.7998e+00
HPL_pdgesv() start time Fri Apr 25 01:30:53 2025

HPL_pdgesv() end time   Fri Apr 25 01:30:56 2025

--------------------------------------------------------------------------------
||Ax-b||_oo/(eps*(||A||_oo*||x||_oo+||b||_oo)*N)=   4.89715986e-03 ...... PASSED
================================================================================
T/V                N    NB     P     Q               Time                 Gflops
--------------------------------------------------------------------------------
WR00C2L4        2048    80     1     3               3.77             1.5223e+00
HPL_pdgesv() start time Fri Apr 25 01:30:56 2025

HPL_pdgesv() end time   Fri Apr 25 01:31:00 2025

--------------------------------------------------------------------------------
||Ax-b||_oo/(eps*(||A||_oo*||x||_oo+||b||_oo)*N)=   5.53519365e-03 ...... PASSED
================================================================================
T/V                N    NB     P     Q               Time                 Gflops
--------------------------------------------------------------------------------
WR00C2C2        2048    80     1     3               3.92             1.4617e+00
HPL_pdgesv() start time Fri Apr 25 01:31:00 2025

HPL_pdgesv() end time   Fri Apr 25 01:31:04 2025

--------------------------------------------------------------------------------
||Ax-b||_oo/(eps*(||A||_oo*||x||_oo+||b||_oo)*N)=   4.89715986e-03 ...... PASSED
================================================================================
T/V                N    NB     P     Q               Time                 Gflops
--------------------------------------------------------------------------------
WR00C2C4        2048    80     1     3               3.89             1.4753e+00
HPL_pdgesv() start time Fri Apr 25 01:31:05 2025

HPL_pdgesv() end time   Fri Apr 25 01:31:08 2025

--------------------------------------------------------------------------------
||Ax-b||_oo/(eps*(||A||_oo*||x||_oo+||b||_oo)*N)=   4.93223501e-03 ...... PASSED
================================================================================
T/V                N    NB     P     Q               Time                 Gflops
--------------------------------------------------------------------------------
WR00C2R2        2048    80     1     3               4.16             1.3792e+00
HPL_pdgesv() start time Fri Apr 25 01:31:09 2025

HPL_pdgesv() end time   Fri Apr 25 01:31:13 2025

--------------------------------------------------------------------------------
||Ax-b||_oo/(eps*(||A||_oo*||x||_oo+||b||_oo)*N)=   4.89715986e-03 ...... PASSED
================================================================================
T/V                N    NB     P     Q               Time                 Gflops
--------------------------------------------------------------------------------
WR00C2R4        2048    80     1     3               4.34             1.3201e+00
HPL_pdgesv() start time Fri Apr 25 01:31:13 2025

HPL_pdgesv() end time   Fri Apr 25 01:31:17 2025

--------------------------------------------------------------------------------
||Ax-b||_oo/(eps*(||A||_oo*||x||_oo+||b||_oo)*N)=   4.93223501e-03 ...... PASSED
================================================================================
T/V                N    NB     P     Q               Time                 Gflops
--------------------------------------------------------------------------------
WR00R2L2        2048    80     1     3               3.63             1.5806e+00
HPL_pdgesv() start time Fri Apr 25 01:31:18 2025

HPL_pdgesv() end time   Fri Apr 25 01:31:21 2025

--------------------------------------------------------------------------------
||Ax-b||_oo/(eps*(||A||_oo*||x||_oo+||b||_oo)*N)=   4.89715986e-03 ...... PASSED
================================================================================
T/V                N    NB     P     Q               Time                 Gflops
--------------------------------------------------------------------------------
WR00R2L4        2048    80     1     3               2.60             2.2068e+00
HPL_pdgesv() start time Fri Apr 25 01:31:21 2025

HPL_pdgesv() end time   Fri Apr 25 01:31:24 2025

--------------------------------------------------------------------------------
||Ax-b||_oo/(eps*(||A||_oo*||x||_oo+||b||_oo)*N)=   5.53519365e-03 ...... PASSED
================================================================================
T/V                N    NB     P     Q               Time                 Gflops
--------------------------------------------------------------------------------
WR00R2C2        2048    80     1     3               3.50             1.6374e+00
HPL_pdgesv() start time Fri Apr 25 01:31:24 2025

HPL_pdgesv() end time   Fri Apr 25 01:31:28 2025

--------------------------------------------------------------------------------
||Ax-b||_oo/(eps*(||A||_oo*||x||_oo+||b||_oo)*N)=   4.89715986e-03 ...... PASSED
================================================================================
T/V                N    NB     P     Q               Time                 Gflops
--------------------------------------------------------------------------------
WR00R2C4        2048    80     1     3               3.45             1.6623e+00
HPL_pdgesv() start time Fri Apr 25 01:31:28 2025

HPL_pdgesv() end time   Fri Apr 25 01:31:31 2025

--------------------------------------------------------------------------------
||Ax-b||_oo/(eps*(||A||_oo*||x||_oo+||b||_oo)*N)=   4.93223501e-03 ...... PASSED
================================================================================
T/V                N    NB     P     Q               Time                 Gflops
--------------------------------------------------------------------------------
WR00R2R2        2048    80     1     3               3.73             1.5370e+00
HPL_pdgesv() start time Fri Apr 25 01:31:31 2025

HPL_pdgesv() end time   Fri Apr 25 01:31:35 2025

--------------------------------------------------------------------------------
||Ax-b||_oo/(eps*(||A||_oo*||x||_oo+||b||_oo)*N)=   4.89715986e-03 ...... PASSED
================================================================================
T/V                N    NB     P     Q               Time                 Gflops
--------------------------------------------------------------------------------
WR00R2R4        2048    80     1     3               2.85             2.0093e+00
HPL_pdgesv() start time Fri Apr 25 01:31:35 2025

HPL_pdgesv() end time   Fri Apr 25 01:31:38 2025

--------------------------------------------------------------------------------
||Ax-b||_oo/(eps*(||A||_oo*||x||_oo+||b||_oo)*N)=   4.93223501e-03 ...... PASSED
================================================================================
T/V                N    NB     P     Q               Time                 Gflops
--------------------------------------------------------------------------------
WR00L2L2        1960    60     1     3               2.44             2.0562e+00
HPL_pdgesv() start time Fri Apr 25 01:31:38 2025

HPL_pdgesv() end time   Fri Apr 25 01:31:41 2025

--------------------------------------------------------------------------------
||Ax-b||_oo/(eps*(||A||_oo*||x||_oo+||b||_oo)*N)=   6.08566207e-03 ...... PASSED
================================================================================
T/V                N    NB     P     Q               Time                 Gflops
--------------------------------------------------------------------------------
WR00L2L4        1960    60     1     3               3.68             1.3665e+00
HPL_pdgesv() start time Fri Apr 25 01:31:41 2025

HPL_pdgesv() end time   Fri Apr 25 01:31:45 2025

--------------------------------------------------------------------------------
||Ax-b||_oo/(eps*(||A||_oo*||x||_oo+||b||_oo)*N)=   5.11204185e-03 ...... PASSED
================================================================================
T/V                N    NB     P     Q               Time                 Gflops
--------------------------------------------------------------------------------
WR00L2C2        1960    60     1     3               3.17             1.5864e+00
HPL_pdgesv() start time Fri Apr 25 01:31:45 2025

HPL_pdgesv() end time   Fri Apr 25 01:31:48 2025

--------------------------------------------------------------------------------
||Ax-b||_oo/(eps*(||A||_oo*||x||_oo+||b||_oo)*N)=   6.08566207e-03 ...... PASSED
================================================================================
T/V                N    NB     P     Q               Time                 Gflops
--------------------------------------------------------------------------------
WR00L2C4        1960    60     1     3               2.77             1.8154e+00
HPL_pdgesv() start time Fri Apr 25 01:31:48 2025

HPL_pdgesv() end time   Fri Apr 25 01:31:51 2025

--------------------------------------------------------------------------------
||Ax-b||_oo/(eps*(||A||_oo*||x||_oo+||b||_oo)*N)=   4.37446786e-03 ...... PASSED
================================================================================
T/V                N    NB     P     Q               Time                 Gflops
--------------------------------------------------------------------------------
WR00L2R2        1960    60     1     3               2.90             1.7310e+00
HPL_pdgesv() start time Fri Apr 25 01:31:51 2025

HPL_pdgesv() end time   Fri Apr 25 01:31:54 2025

--------------------------------------------------------------------------------
||Ax-b||_oo/(eps*(||A||_oo*||x||_oo+||b||_oo)*N)=   6.08566207e-03 ...... PASSED
================================================================================
T/V                N    NB     P     Q               Time                 Gflops
--------------------------------------------------------------------------------
WR00L2R4        1960    60     1     3               2.77             1.8165e+00
HPL_pdgesv() start time Fri Apr 25 01:31:54 2025

HPL_pdgesv() end time   Fri Apr 25 01:31:57 2025

--------------------------------------------------------------------------------
||Ax-b||_oo/(eps*(||A||_oo*||x||_oo+||b||_oo)*N)=   4.37446786e-03 ...... PASSED
================================================================================
T/V                N    NB     P     Q               Time                 Gflops
--------------------------------------------------------------------------------
WR00C2L2        1960    60     1     3               2.35             2.1388e+00
HPL_pdgesv() start time Fri Apr 25 01:31:57 2025

HPL_pdgesv() end time   Fri Apr 25 01:32:00 2025

--------------------------------------------------------------------------------
||Ax-b||_oo/(eps*(||A||_oo*||x||_oo+||b||_oo)*N)=   6.08566207e-03 ...... PASSED
================================================================================
T/V                N    NB     P     Q               Time                 Gflops
--------------------------------------------------------------------------------
WR00C2L4        1960    60     1     3               3.50             1.4366e+00
HPL_pdgesv() start time Fri Apr 25 01:32:00 2025

HPL_pdgesv() end time   Fri Apr 25 01:32:03 2025

--------------------------------------------------------------------------------
||Ax-b||_oo/(eps*(||A||_oo*||x||_oo+||b||_oo)*N)=   5.11204185e-03 ...... PASSED
================================================================================
T/V                N    NB     P     Q               Time                 Gflops
--------------------------------------------------------------------------------
WR00C2C2        1960    60     1     3               4.47             1.1249e+00
HPL_pdgesv() start time Fri Apr 25 01:32:04 2025

HPL_pdgesv() end time   Fri Apr 25 01:32:08 2025

--------------------------------------------------------------------------------
||Ax-b||_oo/(eps*(||A||_oo*||x||_oo+||b||_oo)*N)=   6.08566207e-03 ...... PASSED
================================================================================
T/V                N    NB     P     Q               Time                 Gflops
--------------------------------------------------------------------------------
WR00C2C4        1960    60     1     3               2.72             1.8446e+00
HPL_pdgesv() start time Fri Apr 25 01:32:08 2025

HPL_pdgesv() end time   Fri Apr 25 01:32:11 2025

--------------------------------------------------------------------------------
||Ax-b||_oo/(eps*(||A||_oo*||x||_oo+||b||_oo)*N)=   4.37446786e-03 ...... PASSED
================================================================================
T/V                N    NB     P     Q               Time                 Gflops
--------------------------------------------------------------------------------
WR00C2R2        1960    60     1     3               2.34             2.1488e+00
HPL_pdgesv() start time Fri Apr 25 01:32:11 2025

HPL_pdgesv() end time   Fri Apr 25 01:32:13 2025

--------------------------------------------------------------------------------
||Ax-b||_oo/(eps*(||A||_oo*||x||_oo+||b||_oo)*N)=   6.08566207e-03 ...... PASSED
================================================================================
T/V                N    NB     P     Q               Time                 Gflops
--------------------------------------------------------------------------------
WR00C2R4        1960    60     1     3               3.60             1.3976e+00
HPL_pdgesv() start time Fri Apr 25 01:32:14 2025

HPL_pdgesv() end time   Fri Apr 25 01:32:17 2025

--------------------------------------------------------------------------------
||Ax-b||_oo/(eps*(||A||_oo*||x||_oo+||b||_oo)*N)=   4.37446786e-03 ...... PASSED
================================================================================
T/V                N    NB     P     Q               Time                 Gflops
--------------------------------------------------------------------------------
WR00R2L2        1960    60     1     3               4.36             1.1517e+00
HPL_pdgesv() start time Fri Apr 25 01:32:18 2025

HPL_pdgesv() end time   Fri Apr 25 01:32:22 2025

--------------------------------------------------------------------------------
||Ax-b||_oo/(eps*(||A||_oo*||x||_oo+||b||_oo)*N)=   6.08566207e-03 ...... PASSED
================================================================================
T/V                N    NB     P     Q               Time                 Gflops
--------------------------------------------------------------------------------
WR00R2L4        1960    60     1     3               2.91             1.7269e+00
HPL_pdgesv() start time Fri Apr 25 01:32:22 2025

HPL_pdgesv() end time   Fri Apr 25 01:32:25 2025

--------------------------------------------------------------------------------
||Ax-b||_oo/(eps*(||A||_oo*||x||_oo+||b||_oo)*N)=   5.11204185e-03 ...... PASSED
================================================================================
T/V                N    NB     P     Q               Time                 Gflops
--------------------------------------------------------------------------------
WR00R2C2        1960    60     1     3               2.57             1.9557e+00
HPL_pdgesv() start time Fri Apr 25 01:32:25 2025

HPL_pdgesv() end time   Fri Apr 25 01:32:28 2025

--------------------------------------------------------------------------------
||Ax-b||_oo/(eps*(||A||_oo*||x||_oo+||b||_oo)*N)=   6.08566207e-03 ...... PASSED
================================================================================
T/V                N    NB     P     Q               Time                 Gflops
--------------------------------------------------------------------------------
WR00R2C4        1960    60     1     3               2.91             1.7247e+00
HPL_pdgesv() start time Fri Apr 25 01:32:28 2025

HPL_pdgesv() end time   Fri Apr 25 01:32:31 2025

--------------------------------------------------------------------------------
||Ax-b||_oo/(eps*(||A||_oo*||x||_oo+||b||_oo)*N)=   4.37446786e-03 ...... PASSED
================================================================================
T/V                N    NB     P     Q               Time                 Gflops
--------------------------------------------------------------------------------
WR00R2R2        1960    60     1     3               2.84             1.7702e+00
HPL_pdgesv() start time Fri Apr 25 01:32:31 2025

HPL_pdgesv() end time   Fri Apr 25 01:32:34 2025

--------------------------------------------------------------------------------
||Ax-b||_oo/(eps*(||A||_oo*||x||_oo+||b||_oo)*N)=   6.08566207e-03 ...... PASSED
================================================================================
T/V                N    NB     P     Q               Time                 Gflops
--------------------------------------------------------------------------------
WR00R2R4        1960    60     1     3               3.48             1.4429e+00
HPL_pdgesv() start time Fri Apr 25 01:32:34 2025

HPL_pdgesv() end time   Fri Apr 25 01:32:38 2025

--------------------------------------------------------------------------------
||Ax-b||_oo/(eps*(||A||_oo*||x||_oo+||b||_oo)*N)=   4.37446786e-03 ...... PASSED
================================================================================
T/V                N    NB     P     Q               Time                 Gflops
--------------------------------------------------------------------------------
WR00L2L2        1960    80     1     3               2.64             1.9029e+00
HPL_pdgesv() start time Fri Apr 25 01:32:38 2025

HPL_pdgesv() end time   Fri Apr 25 01:32:40 2025

--------------------------------------------------------------------------------
||Ax-b||_oo/(eps*(||A||_oo*||x||_oo+||b||_oo)*N)=   5.20767836e-03 ...... PASSED
================================================================================
T/V                N    NB     P     Q               Time                 Gflops
--------------------------------------------------------------------------------
WR00L2L4        1960    80     1     3               2.58             1.9445e+00
HPL_pdgesv() start time Fri Apr 25 01:32:41 2025

HPL_pdgesv() end time   Fri Apr 25 01:32:43 2025

--------------------------------------------------------------------------------
||Ax-b||_oo/(eps*(||A||_oo*||x||_oo+||b||_oo)*N)=   3.68832105e-03 ...... PASSED
================================================================================
T/V                N    NB     P     Q               Time                 Gflops
--------------------------------------------------------------------------------
WR00L2C2        1960    80     1     3               2.81             1.7893e+00
HPL_pdgesv() start time Fri Apr 25 01:32:43 2025

HPL_pdgesv() end time   Fri Apr 25 01:32:46 2025

--------------------------------------------------------------------------------
||Ax-b||_oo/(eps*(||A||_oo*||x||_oo+||b||_oo)*N)=   5.20767836e-03 ...... PASSED
================================================================================
T/V                N    NB     P     Q               Time                 Gflops
--------------------------------------------------------------------------------
WR00L2C4        1960    80     1     3               2.70             1.8595e+00
HPL_pdgesv() start time Fri Apr 25 01:32:46 2025

HPL_pdgesv() end time   Fri Apr 25 01:32:49 2025

--------------------------------------------------------------------------------
||Ax-b||_oo/(eps*(||A||_oo*||x||_oo+||b||_oo)*N)=   5.08317045e-03 ...... PASSED
================================================================================
T/V                N    NB     P     Q               Time                 Gflops
--------------------------------------------------------------------------------
WR00L2R2        1960    80     1     3               2.78             1.8091e+00
HPL_pdgesv() start time Fri Apr 25 01:32:49 2025

HPL_pdgesv() end time   Fri Apr 25 01:32:52 2025

--------------------------------------------------------------------------------
||Ax-b||_oo/(eps*(||A||_oo*||x||_oo+||b||_oo)*N)=   5.20767836e-03 ...... PASSED
================================================================================
T/V                N    NB     P     Q               Time                 Gflops
--------------------------------------------------------------------------------
WR00L2R4        1960    80     1     3               2.44             2.0566e+00
HPL_pdgesv() start time Fri Apr 25 01:32:52 2025

HPL_pdgesv() end time   Fri Apr 25 01:32:55 2025

--------------------------------------------------------------------------------
||Ax-b||_oo/(eps*(||A||_oo*||x||_oo+||b||_oo)*N)=   5.08317045e-03 ...... PASSED
================================================================================
T/V                N    NB     P     Q               Time                 Gflops
--------------------------------------------------------------------------------
WR00C2L2        1960    80     1     3               3.06             1.6427e+00
HPL_pdgesv() start time Fri Apr 25 01:32:55 2025

HPL_pdgesv() end time   Fri Apr 25 01:32:58 2025

--------------------------------------------------------------------------------
||Ax-b||_oo/(eps*(||A||_oo*||x||_oo+||b||_oo)*N)=   5.20767836e-03 ...... PASSED
================================================================================
T/V                N    NB     P     Q               Time                 Gflops
--------------------------------------------------------------------------------
WR00C2L4        1960    80     1     3               3.75             1.3401e+00
HPL_pdgesv() start time Fri Apr 25 01:32:58 2025

HPL_pdgesv() end time   Fri Apr 25 01:33:02 2025

--------------------------------------------------------------------------------
||Ax-b||_oo/(eps*(||A||_oo*||x||_oo+||b||_oo)*N)=   3.68832105e-03 ...... PASSED
================================================================================
T/V                N    NB     P     Q               Time                 Gflops
--------------------------------------------------------------------------------
WR00C2C2        1960    80     1     3               4.00             1.2572e+00
HPL_pdgesv() start time Fri Apr 25 01:33:02 2025

HPL_pdgesv() end time   Fri Apr 25 01:33:06 2025

--------------------------------------------------------------------------------
||Ax-b||_oo/(eps*(||A||_oo*||x||_oo+||b||_oo)*N)=   5.20767836e-03 ...... PASSED
================================================================================
T/V                N    NB     P     Q               Time                 Gflops
--------------------------------------------------------------------------------
WR00C2C4        1960    80     1     3               3.41             1.4757e+00
HPL_pdgesv() start time Fri Apr 25 01:33:06 2025

HPL_pdgesv() end time   Fri Apr 25 01:33:10 2025

--------------------------------------------------------------------------------
||Ax-b||_oo/(eps*(||A||_oo*||x||_oo+||b||_oo)*N)=   5.08317045e-03 ...... PASSED
================================================================================
T/V                N    NB     P     Q               Time                 Gflops
--------------------------------------------------------------------------------
WR00C2R2        1960    80     1     3               3.81             1.3178e+00
HPL_pdgesv() start time Fri Apr 25 01:33:10 2025

HPL_pdgesv() end time   Fri Apr 25 01:33:14 2025

--------------------------------------------------------------------------------
||Ax-b||_oo/(eps*(||A||_oo*||x||_oo+||b||_oo)*N)=   5.20767836e-03 ...... PASSED
================================================================================
T/V                N    NB     P     Q               Time                 Gflops
--------------------------------------------------------------------------------
WR00C2R4        1960    80     1     3               3.29             1.5272e+00
HPL_pdgesv() start time Fri Apr 25 01:33:14 2025

HPL_pdgesv() end time   Fri Apr 25 01:33:17 2025

--------------------------------------------------------------------------------
||Ax-b||_oo/(eps*(||A||_oo*||x||_oo+||b||_oo)*N)=   5.08317045e-03 ...... PASSED
================================================================================
T/V                N    NB     P     Q               Time                 Gflops
--------------------------------------------------------------------------------
WR00R2L2        1960    80     1     3               3.13             1.6038e+00
HPL_pdgesv() start time Fri Apr 25 01:33:18 2025

HPL_pdgesv() end time   Fri Apr 25 01:33:21 2025

--------------------------------------------------------------------------------
||Ax-b||_oo/(eps*(||A||_oo*||x||_oo+||b||_oo)*N)=   5.20767836e-03 ...... PASSED
================================================================================
T/V                N    NB     P     Q               Time                 Gflops
--------------------------------------------------------------------------------
WR00R2L4        1960    80     1     3               3.75             1.3399e+00
HPL_pdgesv() start time Fri Apr 25 01:33:21 2025

HPL_pdgesv() end time   Fri Apr 25 01:33:25 2025

--------------------------------------------------------------------------------
||Ax-b||_oo/(eps*(||A||_oo*||x||_oo+||b||_oo)*N)=   3.68832105e-03 ...... PASSED
================================================================================
T/V                N    NB     P     Q               Time                 Gflops
--------------------------------------------------------------------------------
WR00R2C2        1960    80     1     3               3.49             1.4391e+00
HPL_pdgesv() start time Fri Apr 25 01:33:25 2025

HPL_pdgesv() end time   Fri Apr 25 01:33:28 2025

--------------------------------------------------------------------------------
||Ax-b||_oo/(eps*(||A||_oo*||x||_oo+||b||_oo)*N)=   5.20767836e-03 ...... PASSED
================================================================================
T/V                N    NB     P     Q               Time                 Gflops
--------------------------------------------------------------------------------
WR00R2C4        1960    80     1     3               3.12             1.6114e+00
HPL_pdgesv() start time Fri Apr 25 01:33:29 2025

HPL_pdgesv() end time   Fri Apr 25 01:33:32 2025

--------------------------------------------------------------------------------
||Ax-b||_oo/(eps*(||A||_oo*||x||_oo+||b||_oo)*N)=   5.08317045e-03 ...... PASSED
================================================================================
T/V                N    NB     P     Q               Time                 Gflops
--------------------------------------------------------------------------------
WR00R2R2        1960    80     1     3               3.25             1.5479e+00
HPL_pdgesv() start time Fri Apr 25 01:33:32 2025

HPL_pdgesv() end time   Fri Apr 25 01:33:35 2025

--------------------------------------------------------------------------------
||Ax-b||_oo/(eps*(||A||_oo*||x||_oo+||b||_oo)*N)=   5.20767836e-03 ...... PASSED
================================================================================
T/V                N    NB     P     Q               Time                 Gflops
--------------------------------------------------------------------------------
WR00R2R4        1960    80     1     3               2.89             1.7372e+00
HPL_pdgesv() start time Fri Apr 25 01:33:35 2025

HPL_pdgesv() end time   Fri Apr 25 01:33:38 2025

--------------------------------------------------------------------------------
||Ax-b||_oo/(eps*(||A||_oo*||x||_oo+||b||_oo)*N)=   5.08317045e-03 ...... PASSED
================================================================================
T/V                N    NB     P     Q               Time                 Gflops
--------------------------------------------------------------------------------
WR00L2L2        2048    60     1     3               2.86             2.0044e+00
HPL_pdgesv() start time Fri Apr 25 01:33:38 2025

HPL_pdgesv() end time   Fri Apr 25 01:33:41 2025

--------------------------------------------------------------------------------
||Ax-b||_oo/(eps*(||A||_oo*||x||_oo+||b||_oo)*N)=   5.71892065e-03 ...... PASSED
================================================================================
T/V                N    NB     P     Q               Time                 Gflops
--------------------------------------------------------------------------------
WR00L2L4        2048    60     1     3               2.73             2.1030e+00
HPL_pdgesv() start time Fri Apr 25 01:33:42 2025

HPL_pdgesv() end time   Fri Apr 25 01:33:44 2025

--------------------------------------------------------------------------------
||Ax-b||_oo/(eps*(||A||_oo*||x||_oo+||b||_oo)*N)=   5.41159548e-03 ...... PASSED
================================================================================
T/V                N    NB     P     Q               Time                 Gflops
--------------------------------------------------------------------------------
WR00L2C2        2048    60     1     3               1.99             2.8859e+00
HPL_pdgesv() start time Fri Apr 25 01:33:44 2025

HPL_pdgesv() end time   Fri Apr 25 01:33:46 2025

--------------------------------------------------------------------------------
||Ax-b||_oo/(eps*(||A||_oo*||x||_oo+||b||_oo)*N)=   5.71892065e-03 ...... PASSED
================================================================================
T/V                N    NB     P     Q               Time                 Gflops
--------------------------------------------------------------------------------
WR00L2C4        2048    60     1     3               3.24             1.7691e+00
HPL_pdgesv() start time Fri Apr 25 01:33:47 2025

HPL_pdgesv() end time   Fri Apr 25 01:33:50 2025

--------------------------------------------------------------------------------
||Ax-b||_oo/(eps*(||A||_oo*||x||_oo+||b||_oo)*N)=   5.43776266e-03 ...... PASSED
================================================================================
T/V                N    NB     P     Q               Time                 Gflops
--------------------------------------------------------------------------------
WR00L2R2        2048    60     1     3               2.59             2.2132e+00
HPL_pdgesv() start time Fri Apr 25 01:33:50 2025

HPL_pdgesv() end time   Fri Apr 25 01:33:53 2025

--------------------------------------------------------------------------------
||Ax-b||_oo/(eps*(||A||_oo*||x||_oo+||b||_oo)*N)=   5.71892065e-03 ...... PASSED
================================================================================
T/V                N    NB     P     Q               Time                 Gflops
--------------------------------------------------------------------------------
WR00L2R4        2048    60     1     3               2.27             2.5308e+00
HPL_pdgesv() start time Fri Apr 25 01:33:53 2025

HPL_pdgesv() end time   Fri Apr 25 01:33:55 2025

--------------------------------------------------------------------------------
||Ax-b||_oo/(eps*(||A||_oo*||x||_oo+||b||_oo)*N)=   5.43776266e-03 ...... PASSED
================================================================================
T/V                N    NB     P     Q               Time                 Gflops
--------------------------------------------------------------------------------
WR00C2L2        2048    60     1     3               3.08             1.8629e+00
HPL_pdgesv() start time Fri Apr 25 01:33:55 2025

HPL_pdgesv() end time   Fri Apr 25 01:33:58 2025

--------------------------------------------------------------------------------
||Ax-b||_oo/(eps*(||A||_oo*||x||_oo+||b||_oo)*N)=   5.71892065e-03 ...... PASSED
================================================================================
T/V                N    NB     P     Q               Time                 Gflops
--------------------------------------------------------------------------------
WR00C2L4        2048    60     1     3               2.44             2.3472e+00
HPL_pdgesv() start time Fri Apr 25 01:33:59 2025

HPL_pdgesv() end time   Fri Apr 25 01:34:01 2025

--------------------------------------------------------------------------------
||Ax-b||_oo/(eps*(||A||_oo*||x||_oo+||b||_oo)*N)=   5.41159548e-03 ...... PASSED
================================================================================
T/V                N    NB     P     Q               Time                 Gflops
--------------------------------------------------------------------------------
WR00C2C2        2048    60     1     3               2.75             2.0826e+00
HPL_pdgesv() start time Fri Apr 25 01:34:01 2025

HPL_pdgesv() end time   Fri Apr 25 01:34:04 2025

--------------------------------------------------------------------------------
||Ax-b||_oo/(eps*(||A||_oo*||x||_oo+||b||_oo)*N)=   5.71892065e-03 ...... PASSED
================================================================================
T/V                N    NB     P     Q               Time                 Gflops
--------------------------------------------------------------------------------
WR00C2C4        2048    60     1     3               2.31             2.4765e+00
HPL_pdgesv() start time Fri Apr 25 01:34:04 2025

HPL_pdgesv() end time   Fri Apr 25 01:34:07 2025

--------------------------------------------------------------------------------
||Ax-b||_oo/(eps*(||A||_oo*||x||_oo+||b||_oo)*N)=   5.43776266e-03 ...... PASSED
================================================================================
T/V                N    NB     P     Q               Time                 Gflops
--------------------------------------------------------------------------------
WR00C2R2        2048    60     1     3               3.23             1.7775e+00
HPL_pdgesv() start time Fri Apr 25 01:34:07 2025

HPL_pdgesv() end time   Fri Apr 25 01:34:10 2025

--------------------------------------------------------------------------------
||Ax-b||_oo/(eps*(||A||_oo*||x||_oo+||b||_oo)*N)=   5.71892065e-03 ...... PASSED
================================================================================
T/V                N    NB     P     Q               Time                 Gflops
--------------------------------------------------------------------------------
WR00C2R4        2048    60     1     3               3.10             1.8499e+00
HPL_pdgesv() start time Fri Apr 25 01:34:10 2025

HPL_pdgesv() end time   Fri Apr 25 01:34:13 2025

--------------------------------------------------------------------------------
||Ax-b||_oo/(eps*(||A||_oo*||x||_oo+||b||_oo)*N)=   5.43776266e-03 ...... PASSED
================================================================================
T/V                N    NB     P     Q               Time                 Gflops
--------------------------------------------------------------------------------
WR00R2L2        2048    60     1     3               2.98             1.9270e+00
HPL_pdgesv() start time Fri Apr 25 01:34:14 2025

HPL_pdgesv() end time   Fri Apr 25 01:34:17 2025

--------------------------------------------------------------------------------
||Ax-b||_oo/(eps*(||A||_oo*||x||_oo+||b||_oo)*N)=   5.71892065e-03 ...... PASSED
================================================================================
T/V                N    NB     P     Q               Time                 Gflops
--------------------------------------------------------------------------------
WR00R2L4        2048    60     1     3               3.01             1.9048e+00
HPL_pdgesv() start time Fri Apr 25 01:34:17 2025

HPL_pdgesv() end time   Fri Apr 25 01:34:20 2025

--------------------------------------------------------------------------------
||Ax-b||_oo/(eps*(||A||_oo*||x||_oo+||b||_oo)*N)=   5.41159548e-03 ...... PASSED
================================================================================
T/V                N    NB     P     Q               Time                 Gflops
--------------------------------------------------------------------------------
WR00R2C2        2048    60     1     3               2.31             2.4855e+00
HPL_pdgesv() start time Fri Apr 25 01:34:20 2025

HPL_pdgesv() end time   Fri Apr 25 01:34:22 2025

--------------------------------------------------------------------------------
||Ax-b||_oo/(eps*(||A||_oo*||x||_oo+||b||_oo)*N)=   5.71892065e-03 ...... PASSED
================================================================================
T/V                N    NB     P     Q               Time                 Gflops
--------------------------------------------------------------------------------
WR00R2C4        2048    60     1     3               2.43             2.3602e+00
HPL_pdgesv() start time Fri Apr 25 01:34:22 2025

HPL_pdgesv() end time   Fri Apr 25 01:34:25 2025

--------------------------------------------------------------------------------
||Ax-b||_oo/(eps*(||A||_oo*||x||_oo+||b||_oo)*N)=   5.43776266e-03 ...... PASSED
================================================================================
T/V                N    NB     P     Q               Time                 Gflops
--------------------------------------------------------------------------------
WR00R2R2        2048    60     1     3               2.87             1.9987e+00
HPL_pdgesv() start time Fri Apr 25 01:34:25 2025

HPL_pdgesv() end time   Fri Apr 25 01:34:28 2025

--------------------------------------------------------------------------------
||Ax-b||_oo/(eps*(||A||_oo*||x||_oo+||b||_oo)*N)=   5.71892065e-03 ...... PASSED
================================================================================
T/V                N    NB     P     Q               Time                 Gflops
--------------------------------------------------------------------------------
WR00R2R4        2048    60     1     3               2.59             2.2100e+00
HPL_pdgesv() start time Fri Apr 25 01:34:28 2025

HPL_pdgesv() end time   Fri Apr 25 01:34:31 2025

--------------------------------------------------------------------------------
||Ax-b||_oo/(eps*(||A||_oo*||x||_oo+||b||_oo)*N)=   5.43776266e-03 ...... PASSED
================================================================================
T/V                N    NB     P     Q               Time                 Gflops
--------------------------------------------------------------------------------
WR00L2L2        2048    80     1     3               2.35             2.4421e+00
HPL_pdgesv() start time Fri Apr 25 01:34:31 2025

HPL_pdgesv() end time   Fri Apr 25 01:34:33 2025

--------------------------------------------------------------------------------
||Ax-b||_oo/(eps*(||A||_oo*||x||_oo+||b||_oo)*N)=   4.89715986e-03 ...... PASSED
================================================================================
T/V                N    NB     P     Q               Time                 Gflops
--------------------------------------------------------------------------------
WR00L2L4        2048    80     1     3               2.97             1.9296e+00
HPL_pdgesv() start time Fri Apr 25 01:34:33 2025

HPL_pdgesv() end time   Fri Apr 25 01:34:36 2025

--------------------------------------------------------------------------------
||Ax-b||_oo/(eps*(||A||_oo*||x||_oo+||b||_oo)*N)=   5.53519365e-03 ...... PASSED
================================================================================
T/V                N    NB     P     Q               Time                 Gflops
--------------------------------------------------------------------------------
WR00L2C2        2048    80     1     3               2.87             1.9980e+00
HPL_pdgesv() start time Fri Apr 25 01:34:37 2025

HPL_pdgesv() end time   Fri Apr 25 01:34:40 2025

--------------------------------------------------------------------------------
||Ax-b||_oo/(eps*(||A||_oo*||x||_oo+||b||_oo)*N)=   4.89715986e-03 ...... PASSED
================================================================================
T/V                N    NB     P     Q               Time                 Gflops
--------------------------------------------------------------------------------
WR00L2C4        2048    80     1     3               1.90             3.0155e+00
HPL_pdgesv() start time Fri Apr 25 01:34:40 2025

HPL_pdgesv() end time   Fri Apr 25 01:34:42 2025

--------------------------------------------------------------------------------
||Ax-b||_oo/(eps*(||A||_oo*||x||_oo+||b||_oo)*N)=   4.93223501e-03 ...... PASSED
================================================================================
T/V                N    NB     P     Q               Time                 Gflops
--------------------------------------------------------------------------------
WR00L2R2        2048    80     1     3               3.85             1.4902e+00
HPL_pdgesv() start time Fri Apr 25 01:34:42 2025

HPL_pdgesv() end time   Fri Apr 25 01:34:46 2025

--------------------------------------------------------------------------------
||Ax-b||_oo/(eps*(||A||_oo*||x||_oo+||b||_oo)*N)=   4.89715986e-03 ...... PASSED
================================================================================
T/V                N    NB     P     Q               Time                 Gflops
--------------------------------------------------------------------------------
WR00L2R4        2048    80     1     3               2.55             2.2513e+00
HPL_pdgesv() start time Fri Apr 25 01:34:46 2025

HPL_pdgesv() end time   Fri Apr 25 01:34:48 2025

--------------------------------------------------------------------------------
||Ax-b||_oo/(eps*(||A||_oo*||x||_oo+||b||_oo)*N)=   4.93223501e-03 ...... PASSED
================================================================================
T/V                N    NB     P     Q               Time                 Gflops
--------------------------------------------------------------------------------
WR00C2L2        2048    80     1     3               2.46             2.3307e+00
HPL_pdgesv() start time Fri Apr 25 01:34:49 2025

HPL_pdgesv() end time   Fri Apr 25 01:34:51 2025

--------------------------------------------------------------------------------
||Ax-b||_oo/(eps*(||A||_oo*||x||_oo+||b||_oo)*N)=   4.89715986e-03 ...... PASSED
================================================================================
T/V                N    NB     P     Q               Time                 Gflops
--------------------------------------------------------------------------------
WR00C2L4        2048    80     1     3               3.09             1.8529e+00
HPL_pdgesv() start time Fri Apr 25 01:34:51 2025

HPL_pdgesv() end time   Fri Apr 25 01:34:54 2025

--------------------------------------------------------------------------------
||Ax-b||_oo/(eps*(||A||_oo*||x||_oo+||b||_oo)*N)=   5.53519365e-03 ...... PASSED
================================================================================
T/V                N    NB     P     Q               Time                 Gflops
--------------------------------------------------------------------------------
WR00C2C2        2048    80     1     3               2.30             2.4918e+00
HPL_pdgesv() start time Fri Apr 25 01:34:55 2025

HPL_pdgesv() end time   Fri Apr 25 01:34:57 2025

--------------------------------------------------------------------------------
||Ax-b||_oo/(eps*(||A||_oo*||x||_oo+||b||_oo)*N)=   4.89715986e-03 ...... PASSED
================================================================================
T/V                N    NB     P     Q               Time                 Gflops
--------------------------------------------------------------------------------
WR00C2C4        2048    80     1     3               2.11             2.7171e+00
HPL_pdgesv() start time Fri Apr 25 01:34:57 2025

HPL_pdgesv() end time   Fri Apr 25 01:34:59 2025

--------------------------------------------------------------------------------
||Ax-b||_oo/(eps*(||A||_oo*||x||_oo+||b||_oo)*N)=   4.93223501e-03 ...... PASSED
================================================================================
T/V                N    NB     P     Q               Time                 Gflops
--------------------------------------------------------------------------------
WR00C2R2        2048    80     1     3               2.13             2.6956e+00
HPL_pdgesv() start time Fri Apr 25 01:34:59 2025

HPL_pdgesv() end time   Fri Apr 25 01:35:02 2025

--------------------------------------------------------------------------------
||Ax-b||_oo/(eps*(||A||_oo*||x||_oo+||b||_oo)*N)=   4.89715986e-03 ...... PASSED
================================================================================
T/V                N    NB     P     Q               Time                 Gflops
--------------------------------------------------------------------------------
WR00C2R4        2048    80     1     3               3.18             1.8045e+00
HPL_pdgesv() start time Fri Apr 25 01:35:02 2025

HPL_pdgesv() end time   Fri Apr 25 01:35:05 2025

--------------------------------------------------------------------------------
||Ax-b||_oo/(eps*(||A||_oo*||x||_oo+||b||_oo)*N)=   4.93223501e-03 ...... PASSED
================================================================================
T/V                N    NB     P     Q               Time                 Gflops
--------------------------------------------------------------------------------
WR00R2L2        2048    80     1     3               2.32             2.4706e+00
HPL_pdgesv() start time Fri Apr 25 01:35:05 2025

HPL_pdgesv() end time   Fri Apr 25 01:35:07 2025

--------------------------------------------------------------------------------
||Ax-b||_oo/(eps*(||A||_oo*||x||_oo+||b||_oo)*N)=   4.89715986e-03 ...... PASSED
================================================================================
T/V                N    NB     P     Q               Time                 Gflops
--------------------------------------------------------------------------------
WR00R2L4        2048    80     1     3               3.14             1.8240e+00
HPL_pdgesv() start time Fri Apr 25 01:35:08 2025

HPL_pdgesv() end time   Fri Apr 25 01:35:11 2025

--------------------------------------------------------------------------------
||Ax-b||_oo/(eps*(||A||_oo*||x||_oo+||b||_oo)*N)=   5.53519365e-03 ...... PASSED
================================================================================
T/V                N    NB     P     Q               Time                 Gflops
--------------------------------------------------------------------------------
WR00R2C2        2048    80     1     3               2.42             2.3685e+00
HPL_pdgesv() start time Fri Apr 25 01:35:11 2025

HPL_pdgesv() end time   Fri Apr 25 01:35:13 2025

--------------------------------------------------------------------------------
||Ax-b||_oo/(eps*(||A||_oo*||x||_oo+||b||_oo)*N)=   4.89715986e-03 ...... PASSED
================================================================================
T/V                N    NB     P     Q               Time                 Gflops
--------------------------------------------------------------------------------
WR00R2C4        2048    80     1     3               2.03             2.8217e+00
HPL_pdgesv() start time Fri Apr 25 01:35:14 2025

HPL_pdgesv() end time   Fri Apr 25 01:35:16 2025

--------------------------------------------------------------------------------
||Ax-b||_oo/(eps*(||A||_oo*||x||_oo+||b||_oo)*N)=   4.93223501e-03 ...... PASSED
================================================================================
T/V                N    NB     P     Q               Time                 Gflops
--------------------------------------------------------------------------------
WR00R2R2        2048    80     1     3               2.86             2.0019e+00
HPL_pdgesv() start time Fri Apr 25 01:35:16 2025

HPL_pdgesv() end time   Fri Apr 25 01:35:19 2025

--------------------------------------------------------------------------------
||Ax-b||_oo/(eps*(||A||_oo*||x||_oo+||b||_oo)*N)=   4.89715986e-03 ...... PASSED
================================================================================
T/V                N    NB     P     Q               Time                 Gflops
--------------------------------------------------------------------------------
WR00R2R4        2048    80     1     3               2.13             2.6891e+00
HPL_pdgesv() start time Fri Apr 25 01:35:19 2025

HPL_pdgesv() end time   Fri Apr 25 01:35:21 2025

--------------------------------------------------------------------------------
||Ax-b||_oo/(eps*(||A||_oo*||x||_oo+||b||_oo)*N)=   4.93223501e-03 ...... PASSED
================================================================================

Finished    144 tests with the following results:
            144 tests completed and passed residual checks,
              0 tests completed and failed residual checks,
              0 tests skipped because of illegal input values.
--------------------------------------------------------------------------------

End of Tests.
================================================================================
