================================================================================
HPLinpack 2.3  --  High-Performance Linpack benchmark  --   December 2, 2018
Written by A. Petitet and R. Clint Whaley,  Innovative Computing Laboratory, UTK
Modified by Piotr Luszczek, Innovative Computing Laboratory, UTK
Modified by Julien Langou, University of Colorado Denver
================================================================================

An explanation of the input/output parameters follows:
T/V    : Wall time / encoded variant.
N      : The order of the coefficient matrix A.
NB     : The partitioning blocking factor.
P      : The number of process rows.
Q      : The number of process columns.
Time   : Time in seconds to solve the linear system.
Gflops : Rate of execution for solving the linear system.

The following parameter values will be used:

N      :   20000    24000 
NB     :     120      160 
PMAP   : Row-major process mapping
P      :       4        6 
Q      :       6        4 
PFACT  :    Left    Crout    Right 
NBMIN  :       2        4 
NDIV   :       2 
RFACT  :    Left    Crout    Right 
BCAST  :   1ring 
DEPTH  :       0 
SWAP   : Mix (threshold = 64)
L1     : transposed form
U      : transposed form
EQUIL  : yes
ALIGN  : 8 double precision words

--------------------------------------------------------------------------------

- The matrix A is randomly generated for each test.
- The following scaled residual check will be computed:
      ||Ax-b||_oo / ( eps * ( || x ||_oo * || A ||_oo + || b ||_oo ) * N )
- The relative machine precision (eps) is taken to be               1.110223e-16
- Computational tests pass if scaled residuals are less than                16.0

================================================================================
T/V                N    NB     P     Q               Time                 Gflops
--------------------------------------------------------------------------------
WR00L2L2       20000   120     4     6              19.94             2.6744e+02
HPL_pdgesv() start time Tue Apr 29 18:52:54 2025

HPL_pdgesv() end time   Tue Apr 29 18:53:14 2025

--------------------------------------------------------------------------------
||Ax-b||_oo/(eps*(||A||_oo*||x||_oo+||b||_oo)*N)=   1.47011399e-03 ...... PASSED
================================================================================
T/V                N    NB     P     Q               Time                 Gflops
--------------------------------------------------------------------------------
WR00L2L4       20000   120     4     6              20.04             2.6612e+02
HPL_pdgesv() start time Tue Apr 29 18:53:15 2025

HPL_pdgesv() end time   Tue Apr 29 18:53:35 2025

--------------------------------------------------------------------------------
||Ax-b||_oo/(eps*(||A||_oo*||x||_oo+||b||_oo)*N)=   1.42511371e-03 ...... PASSED
================================================================================
T/V                N    NB     P     Q               Time                 Gflops
--------------------------------------------------------------------------------
WR00L2C2       20000   120     4     6              20.10             2.6537e+02
HPL_pdgesv() start time Tue Apr 29 18:53:36 2025

HPL_pdgesv() end time   Tue Apr 29 18:53:56 2025

--------------------------------------------------------------------------------
||Ax-b||_oo/(eps*(||A||_oo*||x||_oo+||b||_oo)*N)=   1.47011399e-03 ...... PASSED
================================================================================
T/V                N    NB     P     Q               Time                 Gflops
--------------------------------------------------------------------------------
WR00L2C4       20000   120     4     6              20.02             2.6646e+02
HPL_pdgesv() start time Tue Apr 29 18:53:58 2025

HPL_pdgesv() end time   Tue Apr 29 18:54:18 2025

--------------------------------------------------------------------------------
||Ax-b||_oo/(eps*(||A||_oo*||x||_oo+||b||_oo)*N)=   1.42511371e-03 ...... PASSED
================================================================================
T/V                N    NB     P     Q               Time                 Gflops
--------------------------------------------------------------------------------
WR00L2R2       20000   120     4     6              20.09             2.6549e+02
HPL_pdgesv() start time Tue Apr 29 18:54:19 2025

HPL_pdgesv() end time   Tue Apr 29 18:54:39 2025

--------------------------------------------------------------------------------
||Ax-b||_oo/(eps*(||A||_oo*||x||_oo+||b||_oo)*N)=   1.43461701e-03 ...... PASSED
================================================================================
T/V                N    NB     P     Q               Time                 Gflops
--------------------------------------------------------------------------------
WR00L2R4       20000   120     4     6              20.06             2.6589e+02
HPL_pdgesv() start time Tue Apr 29 18:54:40 2025

HPL_pdgesv() end time   Tue Apr 29 18:55:00 2025

--------------------------------------------------------------------------------
||Ax-b||_oo/(eps*(||A||_oo*||x||_oo+||b||_oo)*N)=   1.49914063e-03 ...... PASSED
================================================================================
T/V                N    NB     P     Q               Time                 Gflops
--------------------------------------------------------------------------------
WR00C2L2       20000   120     4     6              20.02             2.6637e+02
HPL_pdgesv() start time Tue Apr 29 18:55:01 2025

HPL_pdgesv() end time   Tue Apr 29 18:55:21 2025

--------------------------------------------------------------------------------
||Ax-b||_oo/(eps*(||A||_oo*||x||_oo+||b||_oo)*N)=   1.47011399e-03 ...... PASSED
================================================================================
T/V                N    NB     P     Q               Time                 Gflops
--------------------------------------------------------------------------------
WR00C2L4       20000   120     4     6              20.08             2.6567e+02
HPL_pdgesv() start time Tue Apr 29 18:55:23 2025

HPL_pdgesv() end time   Tue Apr 29 18:55:43 2025

--------------------------------------------------------------------------------
||Ax-b||_oo/(eps*(||A||_oo*||x||_oo+||b||_oo)*N)=   1.42511371e-03 ...... PASSED
================================================================================
T/V                N    NB     P     Q               Time                 Gflops
--------------------------------------------------------------------------------
WR00C2C2       20000   120     4     6              20.11             2.6526e+02
HPL_pdgesv() start time Tue Apr 29 18:55:44 2025

HPL_pdgesv() end time   Tue Apr 29 18:56:04 2025

--------------------------------------------------------------------------------
||Ax-b||_oo/(eps*(||A||_oo*||x||_oo+||b||_oo)*N)=   1.47011399e-03 ...... PASSED
================================================================================
T/V                N    NB     P     Q               Time                 Gflops
--------------------------------------------------------------------------------
WR00C2C4       20000   120     4     6              21.03             2.5367e+02
HPL_pdgesv() start time Tue Apr 29 18:56:05 2025

HPL_pdgesv() end time   Tue Apr 29 18:56:26 2025

--------------------------------------------------------------------------------
||Ax-b||_oo/(eps*(||A||_oo*||x||_oo+||b||_oo)*N)=   1.42511371e-03 ...... PASSED
================================================================================
T/V                N    NB     P     Q               Time                 Gflops
--------------------------------------------------------------------------------
WR00C2R2       20000   120     4     6              20.73             2.5726e+02
HPL_pdgesv() start time Tue Apr 29 18:56:28 2025

HPL_pdgesv() end time   Tue Apr 29 18:56:48 2025

--------------------------------------------------------------------------------
||Ax-b||_oo/(eps*(||A||_oo*||x||_oo+||b||_oo)*N)=   1.43461701e-03 ...... PASSED
================================================================================
T/V                N    NB     P     Q               Time                 Gflops
--------------------------------------------------------------------------------
WR00C2R4       20000   120     4     6              20.60             2.5898e+02
HPL_pdgesv() start time Tue Apr 29 18:56:49 2025

HPL_pdgesv() end time   Tue Apr 29 18:57:10 2025

--------------------------------------------------------------------------------
||Ax-b||_oo/(eps*(||A||_oo*||x||_oo+||b||_oo)*N)=   1.49914063e-03 ...... PASSED
================================================================================
T/V                N    NB     P     Q               Time                 Gflops
--------------------------------------------------------------------------------
WR00R2L2       20000   120     4     6              20.66             2.5817e+02
HPL_pdgesv() start time Tue Apr 29 18:57:11 2025

HPL_pdgesv() end time   Tue Apr 29 18:57:32 2025

--------------------------------------------------------------------------------
||Ax-b||_oo/(eps*(||A||_oo*||x||_oo+||b||_oo)*N)=   1.47011399e-03 ...... PASSED
================================================================================
T/V                N    NB     P     Q               Time                 Gflops
--------------------------------------------------------------------------------
WR00R2L4       20000   120     4     6              20.63             2.5860e+02
HPL_pdgesv() start time Tue Apr 29 18:57:33 2025

HPL_pdgesv() end time   Tue Apr 29 18:57:54 2025

--------------------------------------------------------------------------------
||Ax-b||_oo/(eps*(||A||_oo*||x||_oo+||b||_oo)*N)=   1.42511371e-03 ...... PASSED
================================================================================
T/V                N    NB     P     Q               Time                 Gflops
--------------------------------------------------------------------------------
WR00R2C2       20000   120     4     6              20.88             2.5547e+02
HPL_pdgesv() start time Tue Apr 29 18:57:55 2025

HPL_pdgesv() end time   Tue Apr 29 18:58:16 2025

--------------------------------------------------------------------------------
||Ax-b||_oo/(eps*(||A||_oo*||x||_oo+||b||_oo)*N)=   1.47011399e-03 ...... PASSED
================================================================================
T/V                N    NB     P     Q               Time                 Gflops
--------------------------------------------------------------------------------
WR00R2C4       20000   120     4     6              20.59             2.5910e+02
HPL_pdgesv() start time Tue Apr 29 18:58:17 2025

HPL_pdgesv() end time   Tue Apr 29 18:58:38 2025

--------------------------------------------------------------------------------
||Ax-b||_oo/(eps*(||A||_oo*||x||_oo+||b||_oo)*N)=   1.42511371e-03 ...... PASSED
================================================================================
T/V                N    NB     P     Q               Time                 Gflops
--------------------------------------------------------------------------------
WR00R2R2       20000   120     4     6              20.59             2.5910e+02
HPL_pdgesv() start time Tue Apr 29 18:58:39 2025

HPL_pdgesv() end time   Tue Apr 29 18:59:00 2025

--------------------------------------------------------------------------------
||Ax-b||_oo/(eps*(||A||_oo*||x||_oo+||b||_oo)*N)=   1.43461701e-03 ...... PASSED
================================================================================
T/V                N    NB     P     Q               Time                 Gflops
--------------------------------------------------------------------------------
WR00R2R4       20000   120     4     6              20.77             2.5683e+02
HPL_pdgesv() start time Tue Apr 29 18:59:01 2025

HPL_pdgesv() end time   Tue Apr 29 18:59:22 2025

--------------------------------------------------------------------------------
||Ax-b||_oo/(eps*(||A||_oo*||x||_oo+||b||_oo)*N)=   1.49914063e-03 ...... PASSED
================================================================================
T/V                N    NB     P     Q               Time                 Gflops
--------------------------------------------------------------------------------
WR00L2L2       20000   160     4     6              17.63             3.0254e+02
HPL_pdgesv() start time Tue Apr 29 18:59:23 2025

HPL_pdgesv() end time   Tue Apr 29 18:59:40 2025

--------------------------------------------------------------------------------
||Ax-b||_oo/(eps*(||A||_oo*||x||_oo+||b||_oo)*N)=   1.64512756e-03 ...... PASSED
================================================================================
T/V                N    NB     P     Q               Time                 Gflops
--------------------------------------------------------------------------------
WR00L2L4       20000   160     4     6              17.70             3.0127e+02
HPL_pdgesv() start time Tue Apr 29 18:59:42 2025

HPL_pdgesv() end time   Tue Apr 29 18:59:59 2025

--------------------------------------------------------------------------------
||Ax-b||_oo/(eps*(||A||_oo*||x||_oo+||b||_oo)*N)=   1.54641002e-03 ...... PASSED
================================================================================
T/V                N    NB     P     Q               Time                 Gflops
--------------------------------------------------------------------------------
WR00L2C2       20000   160     4     6              17.75             3.0047e+02
HPL_pdgesv() start time Tue Apr 29 19:00:01 2025

HPL_pdgesv() end time   Tue Apr 29 19:00:18 2025

--------------------------------------------------------------------------------
||Ax-b||_oo/(eps*(||A||_oo*||x||_oo+||b||_oo)*N)=   1.64512756e-03 ...... PASSED
================================================================================
T/V                N    NB     P     Q               Time                 Gflops
--------------------------------------------------------------------------------
WR00L2C4       20000   160     4     6              18.61             2.8655e+02
HPL_pdgesv() start time Tue Apr 29 19:00:20 2025

HPL_pdgesv() end time   Tue Apr 29 19:00:38 2025

--------------------------------------------------------------------------------
||Ax-b||_oo/(eps*(||A||_oo*||x||_oo+||b||_oo)*N)=   1.54641002e-03 ...... PASSED
================================================================================
T/V                N    NB     P     Q               Time                 Gflops
--------------------------------------------------------------------------------
WR00L2R2       20000   160     4     6              18.67             2.8564e+02
HPL_pdgesv() start time Tue Apr 29 19:00:40 2025

HPL_pdgesv() end time   Tue Apr 29 19:00:58 2025

--------------------------------------------------------------------------------
||Ax-b||_oo/(eps*(||A||_oo*||x||_oo+||b||_oo)*N)=   1.54933066e-03 ...... PASSED
================================================================================
T/V                N    NB     P     Q               Time                 Gflops
--------------------------------------------------------------------------------
WR00L2R4       20000   160     4     6              17.95             2.9724e+02
HPL_pdgesv() start time Tue Apr 29 19:01:00 2025

HPL_pdgesv() end time   Tue Apr 29 19:01:18 2025

--------------------------------------------------------------------------------
||Ax-b||_oo/(eps*(||A||_oo*||x||_oo+||b||_oo)*N)=   1.53481734e-03 ...... PASSED
================================================================================
T/V                N    NB     P     Q               Time                 Gflops
--------------------------------------------------------------------------------
WR00C2L2       20000   160     4     6              17.90             2.9801e+02
HPL_pdgesv() start time Tue Apr 29 19:01:19 2025

HPL_pdgesv() end time   Tue Apr 29 19:01:37 2025

--------------------------------------------------------------------------------
||Ax-b||_oo/(eps*(||A||_oo*||x||_oo+||b||_oo)*N)=   1.64512756e-03 ...... PASSED
================================================================================
T/V                N    NB     P     Q               Time                 Gflops
--------------------------------------------------------------------------------
WR00C2L4       20000   160     4     6              17.80             2.9960e+02
HPL_pdgesv() start time Tue Apr 29 19:01:38 2025

HPL_pdgesv() end time   Tue Apr 29 19:01:56 2025

--------------------------------------------------------------------------------
||Ax-b||_oo/(eps*(||A||_oo*||x||_oo+||b||_oo)*N)=   1.54641002e-03 ...... PASSED
================================================================================
T/V                N    NB     P     Q               Time                 Gflops
--------------------------------------------------------------------------------
WR00C2C2       20000   160     4     6              18.04             2.9567e+02
HPL_pdgesv() start time Tue Apr 29 19:01:57 2025

HPL_pdgesv() end time   Tue Apr 29 19:02:15 2025

--------------------------------------------------------------------------------
||Ax-b||_oo/(eps*(||A||_oo*||x||_oo+||b||_oo)*N)=   1.64512756e-03 ...... PASSED
================================================================================
T/V                N    NB     P     Q               Time                 Gflops
--------------------------------------------------------------------------------
WR00C2C4       20000   160     4     6              17.99             2.9648e+02
HPL_pdgesv() start time Tue Apr 29 19:02:16 2025

HPL_pdgesv() end time   Tue Apr 29 19:02:34 2025

--------------------------------------------------------------------------------
||Ax-b||_oo/(eps*(||A||_oo*||x||_oo+||b||_oo)*N)=   1.54641002e-03 ...... PASSED
================================================================================
T/V                N    NB     P     Q               Time                 Gflops
--------------------------------------------------------------------------------
WR00C2R2       20000   160     4     6              18.21             2.9291e+02
HPL_pdgesv() start time Tue Apr 29 19:02:35 2025

HPL_pdgesv() end time   Tue Apr 29 19:02:54 2025

--------------------------------------------------------------------------------
||Ax-b||_oo/(eps*(||A||_oo*||x||_oo+||b||_oo)*N)=   1.54933066e-03 ...... PASSED
================================================================================
T/V                N    NB     P     Q               Time                 Gflops
--------------------------------------------------------------------------------
WR00C2R4       20000   160     4     6              17.80             2.9964e+02
HPL_pdgesv() start time Tue Apr 29 19:02:55 2025

HPL_pdgesv() end time   Tue Apr 29 19:03:13 2025

--------------------------------------------------------------------------------
||Ax-b||_oo/(eps*(||A||_oo*||x||_oo+||b||_oo)*N)=   1.53481734e-03 ...... PASSED
================================================================================
T/V                N    NB     P     Q               Time                 Gflops
--------------------------------------------------------------------------------
WR00R2L2       20000   160     4     6              17.68             3.0176e+02
HPL_pdgesv() start time Tue Apr 29 19:03:14 2025

HPL_pdgesv() end time   Tue Apr 29 19:03:32 2025

--------------------------------------------------------------------------------
||Ax-b||_oo/(eps*(||A||_oo*||x||_oo+||b||_oo)*N)=   1.64512756e-03 ...... PASSED
================================================================================
T/V                N    NB     P     Q               Time                 Gflops
--------------------------------------------------------------------------------
WR00R2L4       20000   160     4     6              17.78             2.9995e+02
HPL_pdgesv() start time Tue Apr 29 19:03:33 2025

HPL_pdgesv() end time   Tue Apr 29 19:03:51 2025

--------------------------------------------------------------------------------
||Ax-b||_oo/(eps*(||A||_oo*||x||_oo+||b||_oo)*N)=   1.54641002e-03 ...... PASSED
================================================================================
T/V                N    NB     P     Q               Time                 Gflops
--------------------------------------------------------------------------------
WR00R2C2       20000   160     4     6              18.01             2.9614e+02
HPL_pdgesv() start time Tue Apr 29 19:03:52 2025

HPL_pdgesv() end time   Tue Apr 29 19:04:10 2025

--------------------------------------------------------------------------------
||Ax-b||_oo/(eps*(||A||_oo*||x||_oo+||b||_oo)*N)=   1.64512756e-03 ...... PASSED
================================================================================
T/V                N    NB     P     Q               Time                 Gflops
--------------------------------------------------------------------------------
WR00R2C4       20000   160     4     6              18.39             2.9009e+02
HPL_pdgesv() start time Tue Apr 29 19:04:11 2025

HPL_pdgesv() end time   Tue Apr 29 19:04:29 2025

--------------------------------------------------------------------------------
||Ax-b||_oo/(eps*(||A||_oo*||x||_oo+||b||_oo)*N)=   1.54641002e-03 ...... PASSED
================================================================================
T/V                N    NB     P     Q               Time                 Gflops
--------------------------------------------------------------------------------
WR00R2R2       20000   160     4     6              17.39             3.0669e+02
HPL_pdgesv() start time Tue Apr 29 19:04:31 2025

HPL_pdgesv() end time   Tue Apr 29 19:04:48 2025

--------------------------------------------------------------------------------
||Ax-b||_oo/(eps*(||A||_oo*||x||_oo+||b||_oo)*N)=   1.54933066e-03 ...... PASSED
================================================================================
T/V                N    NB     P     Q               Time                 Gflops
--------------------------------------------------------------------------------
WR00R2R4       20000   160     4     6              17.26             3.0901e+02
HPL_pdgesv() start time Tue Apr 29 19:04:49 2025

HPL_pdgesv() end time   Tue Apr 29 19:05:07 2025

--------------------------------------------------------------------------------
||Ax-b||_oo/(eps*(||A||_oo*||x||_oo+||b||_oo)*N)=   1.53481734e-03 ...... PASSED
================================================================================
T/V                N    NB     P     Q               Time                 Gflops
--------------------------------------------------------------------------------
WR00L2L2       24000   120     4     6              33.39             2.7605e+02
HPL_pdgesv() start time Tue Apr 29 19:05:08 2025

HPL_pdgesv() end time   Tue Apr 29 19:05:41 2025

--------------------------------------------------------------------------------
||Ax-b||_oo/(eps*(||A||_oo*||x||_oo+||b||_oo)*N)=   1.35421233e-03 ...... PASSED
================================================================================
T/V                N    NB     P     Q               Time                 Gflops
--------------------------------------------------------------------------------
WR00L2L4       24000   120     4     6              33.59             2.7443e+02
HPL_pdgesv() start time Tue Apr 29 19:05:43 2025

HPL_pdgesv() end time   Tue Apr 29 19:06:17 2025

--------------------------------------------------------------------------------
||Ax-b||_oo/(eps*(||A||_oo*||x||_oo+||b||_oo)*N)=   1.62355538e-03 ...... PASSED
================================================================================
T/V                N    NB     P     Q               Time                 Gflops
--------------------------------------------------------------------------------
WR00L2C2       24000   120     4     6              33.29             2.7690e+02
HPL_pdgesv() start time Tue Apr 29 19:06:18 2025

HPL_pdgesv() end time   Tue Apr 29 19:06:52 2025

--------------------------------------------------------------------------------
||Ax-b||_oo/(eps*(||A||_oo*||x||_oo+||b||_oo)*N)=   1.35421233e-03 ...... PASSED
================================================================================
T/V                N    NB     P     Q               Time                 Gflops
--------------------------------------------------------------------------------
WR00L2C4       24000   120     4     6              32.97             2.7959e+02
HPL_pdgesv() start time Tue Apr 29 19:06:54 2025

HPL_pdgesv() end time   Tue Apr 29 19:07:27 2025

--------------------------------------------------------------------------------
||Ax-b||_oo/(eps*(||A||_oo*||x||_oo+||b||_oo)*N)=   1.62355538e-03 ...... PASSED
================================================================================
T/V                N    NB     P     Q               Time                 Gflops
--------------------------------------------------------------------------------
WR00L2R2       24000   120     4     6              34.20             2.6947e+02
HPL_pdgesv() start time Tue Apr 29 19:07:28 2025

HPL_pdgesv() end time   Tue Apr 29 19:08:02 2025

--------------------------------------------------------------------------------
||Ax-b||_oo/(eps*(||A||_oo*||x||_oo+||b||_oo)*N)=   1.47462560e-03 ...... PASSED
================================================================================
T/V                N    NB     P     Q               Time                 Gflops
--------------------------------------------------------------------------------
WR00L2R4       24000   120     4     6              33.33             2.7651e+02
HPL_pdgesv() start time Tue Apr 29 19:08:04 2025

HPL_pdgesv() end time   Tue Apr 29 19:08:38 2025

--------------------------------------------------------------------------------
||Ax-b||_oo/(eps*(||A||_oo*||x||_oo+||b||_oo)*N)=   1.47823616e-03 ...... PASSED
================================================================================
T/V                N    NB     P     Q               Time                 Gflops
--------------------------------------------------------------------------------
WR00C2L2       24000   120     4     6              33.45             2.7557e+02
HPL_pdgesv() start time Tue Apr 29 19:08:39 2025

HPL_pdgesv() end time   Tue Apr 29 19:09:13 2025

--------------------------------------------------------------------------------
||Ax-b||_oo/(eps*(||A||_oo*||x||_oo+||b||_oo)*N)=   1.35421233e-03 ...... PASSED
================================================================================
T/V                N    NB     P     Q               Time                 Gflops
--------------------------------------------------------------------------------
WR00C2L4       24000   120     4     6              33.25             2.7720e+02
HPL_pdgesv() start time Tue Apr 29 19:09:14 2025

HPL_pdgesv() end time   Tue Apr 29 19:09:48 2025

--------------------------------------------------------------------------------
||Ax-b||_oo/(eps*(||A||_oo*||x||_oo+||b||_oo)*N)=   1.62355538e-03 ...... PASSED
================================================================================
T/V                N    NB     P     Q               Time                 Gflops
--------------------------------------------------------------------------------
WR00C2C2       24000   120     4     6              33.46             2.7544e+02
HPL_pdgesv() start time Tue Apr 29 19:09:50 2025

HPL_pdgesv() end time   Tue Apr 29 19:10:23 2025

--------------------------------------------------------------------------------
||Ax-b||_oo/(eps*(||A||_oo*||x||_oo+||b||_oo)*N)=   1.35421233e-03 ...... PASSED
================================================================================
T/V                N    NB     P     Q               Time                 Gflops
--------------------------------------------------------------------------------
WR00C2C4       24000   120     4     6              34.13             2.7008e+02
HPL_pdgesv() start time Tue Apr 29 19:10:25 2025

HPL_pdgesv() end time   Tue Apr 29 19:10:59 2025

--------------------------------------------------------------------------------
||Ax-b||_oo/(eps*(||A||_oo*||x||_oo+||b||_oo)*N)=   1.62355538e-03 ...... PASSED
================================================================================
T/V                N    NB     P     Q               Time                 Gflops
--------------------------------------------------------------------------------
WR00C2R2       24000   120     4     6              33.81             2.7261e+02
HPL_pdgesv() start time Tue Apr 29 19:11:01 2025

HPL_pdgesv() end time   Tue Apr 29 19:11:34 2025

--------------------------------------------------------------------------------
||Ax-b||_oo/(eps*(||A||_oo*||x||_oo+||b||_oo)*N)=   1.47462560e-03 ...... PASSED
================================================================================
T/V                N    NB     P     Q               Time                 Gflops
--------------------------------------------------------------------------------
WR00C2R4       24000   120     4     6              33.24             2.7730e+02
HPL_pdgesv() start time Tue Apr 29 19:11:36 2025

HPL_pdgesv() end time   Tue Apr 29 19:12:09 2025

--------------------------------------------------------------------------------
||Ax-b||_oo/(eps*(||A||_oo*||x||_oo+||b||_oo)*N)=   1.47823616e-03 ...... PASSED
================================================================================
T/V                N    NB     P     Q               Time                 Gflops
--------------------------------------------------------------------------------
WR00R2L2       24000   120     4     6              33.63             2.7405e+02
HPL_pdgesv() start time Tue Apr 29 19:12:11 2025

HPL_pdgesv() end time   Tue Apr 29 19:12:45 2025

--------------------------------------------------------------------------------
||Ax-b||_oo/(eps*(||A||_oo*||x||_oo+||b||_oo)*N)=   1.35421233e-03 ...... PASSED
================================================================================
T/V                N    NB     P     Q               Time                 Gflops
--------------------------------------------------------------------------------
WR00R2L4       24000   120     4     6              33.45             2.7558e+02
HPL_pdgesv() start time Tue Apr 29 19:12:47 2025

HPL_pdgesv() end time   Tue Apr 29 19:13:20 2025

--------------------------------------------------------------------------------
||Ax-b||_oo/(eps*(||A||_oo*||x||_oo+||b||_oo)*N)=   1.62355538e-03 ...... PASSED
================================================================================
T/V                N    NB     P     Q               Time                 Gflops
--------------------------------------------------------------------------------
WR00R2C2       24000   120     4     6              33.10             2.7845e+02
HPL_pdgesv() start time Tue Apr 29 19:13:22 2025

HPL_pdgesv() end time   Tue Apr 29 19:13:55 2025

--------------------------------------------------------------------------------
||Ax-b||_oo/(eps*(||A||_oo*||x||_oo+||b||_oo)*N)=   1.35421233e-03 ...... PASSED
================================================================================
T/V                N    NB     P     Q               Time                 Gflops
--------------------------------------------------------------------------------
WR00R2C4       24000   120     4     6              34.27             2.6895e+02
HPL_pdgesv() start time Tue Apr 29 19:13:57 2025

HPL_pdgesv() end time   Tue Apr 29 19:14:31 2025

--------------------------------------------------------------------------------
||Ax-b||_oo/(eps*(||A||_oo*||x||_oo+||b||_oo)*N)=   1.62355538e-03 ...... PASSED
================================================================================
T/V                N    NB     P     Q               Time                 Gflops
--------------------------------------------------------------------------------
WR00R2R2       24000   120     4     6              33.78             2.7286e+02
HPL_pdgesv() start time Tue Apr 29 19:14:33 2025

HPL_pdgesv() end time   Tue Apr 29 19:15:06 2025

--------------------------------------------------------------------------------
||Ax-b||_oo/(eps*(||A||_oo*||x||_oo+||b||_oo)*N)=   1.47462560e-03 ...... PASSED
================================================================================
T/V                N    NB     P     Q               Time                 Gflops
--------------------------------------------------------------------------------
WR00R2R4       24000   120     4     6              34.17             2.6973e+02
HPL_pdgesv() start time Tue Apr 29 19:15:08 2025

HPL_pdgesv() end time   Tue Apr 29 19:15:42 2025

--------------------------------------------------------------------------------
||Ax-b||_oo/(eps*(||A||_oo*||x||_oo+||b||_oo)*N)=   1.47823616e-03 ...... PASSED
================================================================================
T/V                N    NB     P     Q               Time                 Gflops
--------------------------------------------------------------------------------
WR00L2L2       24000   160     4     6              28.69             3.2124e+02
HPL_pdgesv() start time Tue Apr 29 19:15:44 2025

HPL_pdgesv() end time   Tue Apr 29 19:16:13 2025

--------------------------------------------------------------------------------
||Ax-b||_oo/(eps*(||A||_oo*||x||_oo+||b||_oo)*N)=   1.75597318e-03 ...... PASSED
================================================================================
T/V                N    NB     P     Q               Time                 Gflops
--------------------------------------------------------------------------------
WR00L2L4       24000   160     4     6              28.87             3.1920e+02
HPL_pdgesv() start time Tue Apr 29 19:16:15 2025

HPL_pdgesv() end time   Tue Apr 29 19:16:43 2025

--------------------------------------------------------------------------------
||Ax-b||_oo/(eps*(||A||_oo*||x||_oo+||b||_oo)*N)=   1.49012571e-03 ...... PASSED
================================================================================
T/V                N    NB     P     Q               Time                 Gflops
--------------------------------------------------------------------------------
WR00L2C2       24000   160     4     6              29.37             3.1380e+02
HPL_pdgesv() start time Tue Apr 29 19:16:45 2025

HPL_pdgesv() end time   Tue Apr 29 19:17:15 2025

--------------------------------------------------------------------------------
||Ax-b||_oo/(eps*(||A||_oo*||x||_oo+||b||_oo)*N)=   1.75597318e-03 ...... PASSED
================================================================================
T/V                N    NB     P     Q               Time                 Gflops
--------------------------------------------------------------------------------
WR00L2C4       24000   160     4     6              29.18             3.1589e+02
HPL_pdgesv() start time Tue Apr 29 19:17:16 2025

HPL_pdgesv() end time   Tue Apr 29 19:17:46 2025

--------------------------------------------------------------------------------
||Ax-b||_oo/(eps*(||A||_oo*||x||_oo+||b||_oo)*N)=   1.49012571e-03 ...... PASSED
================================================================================
T/V                N    NB     P     Q               Time                 Gflops
--------------------------------------------------------------------------------
WR00L2R2       24000   160     4     6              28.95             3.1836e+02
HPL_pdgesv() start time Tue Apr 29 19:17:47 2025

HPL_pdgesv() end time   Tue Apr 29 19:18:16 2025

--------------------------------------------------------------------------------
||Ax-b||_oo/(eps*(||A||_oo*||x||_oo+||b||_oo)*N)=   1.42674546e-03 ...... PASSED
================================================================================
T/V                N    NB     P     Q               Time                 Gflops
--------------------------------------------------------------------------------
WR00L2R4       24000   160     4     6              29.08             3.1697e+02
HPL_pdgesv() start time Tue Apr 29 19:18:18 2025

HPL_pdgesv() end time   Tue Apr 29 19:18:47 2025

--------------------------------------------------------------------------------
||Ax-b||_oo/(eps*(||A||_oo*||x||_oo+||b||_oo)*N)=   1.68951131e-03 ...... PASSED
================================================================================
T/V                N    NB     P     Q               Time                 Gflops
--------------------------------------------------------------------------------
WR00C2L2       24000   160     4     6              29.04             3.1741e+02
HPL_pdgesv() start time Tue Apr 29 19:18:49 2025

HPL_pdgesv() end time   Tue Apr 29 19:19:18 2025

--------------------------------------------------------------------------------
||Ax-b||_oo/(eps*(||A||_oo*||x||_oo+||b||_oo)*N)=   1.75597318e-03 ...... PASSED
================================================================================
T/V                N    NB     P     Q               Time                 Gflops
--------------------------------------------------------------------------------
WR00C2L4       24000   160     4     6              29.05             3.1729e+02
HPL_pdgesv() start time Tue Apr 29 19:19:20 2025

HPL_pdgesv() end time   Tue Apr 29 19:19:49 2025

--------------------------------------------------------------------------------
||Ax-b||_oo/(eps*(||A||_oo*||x||_oo+||b||_oo)*N)=   1.49012571e-03 ...... PASSED
================================================================================
T/V                N    NB     P     Q               Time                 Gflops
--------------------------------------------------------------------------------
WR00C2C2       24000   160     4     6              28.65             3.2169e+02
HPL_pdgesv() start time Tue Apr 29 19:19:50 2025

HPL_pdgesv() end time   Tue Apr 29 19:20:19 2025

--------------------------------------------------------------------------------
||Ax-b||_oo/(eps*(||A||_oo*||x||_oo+||b||_oo)*N)=   1.75597318e-03 ...... PASSED
================================================================================
T/V                N    NB     P     Q               Time                 Gflops
--------------------------------------------------------------------------------
WR00C2C4       24000   160     4     6              28.94             3.1852e+02
HPL_pdgesv() start time Tue Apr 29 19:20:21 2025

HPL_pdgesv() end time   Tue Apr 29 19:20:50 2025

--------------------------------------------------------------------------------
||Ax-b||_oo/(eps*(||A||_oo*||x||_oo+||b||_oo)*N)=   1.49012571e-03 ...... PASSED
================================================================================
T/V                N    NB     P     Q               Time                 Gflops
--------------------------------------------------------------------------------
WR00C2R2       24000   160     4     6              29.08             3.1693e+02
HPL_pdgesv() start time Tue Apr 29 19:20:52 2025

HPL_pdgesv() end time   Tue Apr 29 19:21:21 2025

--------------------------------------------------------------------------------
||Ax-b||_oo/(eps*(||A||_oo*||x||_oo+||b||_oo)*N)=   1.42674546e-03 ...... PASSED
================================================================================
T/V                N    NB     P     Q               Time                 Gflops
--------------------------------------------------------------------------------
WR00C2R4       24000   160     4     6              28.65             3.2167e+02
HPL_pdgesv() start time Tue Apr 29 19:21:22 2025

HPL_pdgesv() end time   Tue Apr 29 19:21:51 2025

--------------------------------------------------------------------------------
||Ax-b||_oo/(eps*(||A||_oo*||x||_oo+||b||_oo)*N)=   1.68951131e-03 ...... PASSED
================================================================================
T/V                N    NB     P     Q               Time                 Gflops
--------------------------------------------------------------------------------
WR00R2L2       24000   160     4     6              28.69             3.2123e+02
HPL_pdgesv() start time Tue Apr 29 19:21:53 2025

HPL_pdgesv() end time   Tue Apr 29 19:22:21 2025

--------------------------------------------------------------------------------
||Ax-b||_oo/(eps*(||A||_oo*||x||_oo+||b||_oo)*N)=   1.75597318e-03 ...... PASSED
================================================================================
T/V                N    NB     P     Q               Time                 Gflops
--------------------------------------------------------------------------------
WR00R2L4       24000   160     4     6              28.17             3.2721e+02
HPL_pdgesv() start time Tue Apr 29 19:22:23 2025

HPL_pdgesv() end time   Tue Apr 29 19:22:51 2025

--------------------------------------------------------------------------------
||Ax-b||_oo/(eps*(||A||_oo*||x||_oo+||b||_oo)*N)=   1.49012571e-03 ...... PASSED
================================================================================
T/V                N    NB     P     Q               Time                 Gflops
--------------------------------------------------------------------------------
WR00R2C2       24000   160     4     6              28.34             3.2528e+02
HPL_pdgesv() start time Tue Apr 29 19:22:53 2025

HPL_pdgesv() end time   Tue Apr 29 19:23:21 2025

--------------------------------------------------------------------------------
||Ax-b||_oo/(eps*(||A||_oo*||x||_oo+||b||_oo)*N)=   1.75597318e-03 ...... PASSED
================================================================================
T/V                N    NB     P     Q               Time                 Gflops
--------------------------------------------------------------------------------
WR00R2C4       24000   160     4     6              28.41             3.2438e+02
HPL_pdgesv() start time Tue Apr 29 19:23:23 2025

HPL_pdgesv() end time   Tue Apr 29 19:23:52 2025

--------------------------------------------------------------------------------
||Ax-b||_oo/(eps*(||A||_oo*||x||_oo+||b||_oo)*N)=   1.49012571e-03 ...... PASSED
================================================================================
T/V                N    NB     P     Q               Time                 Gflops
--------------------------------------------------------------------------------
WR00R2R2       24000   160     4     6              29.17             3.1600e+02
HPL_pdgesv() start time Tue Apr 29 19:23:53 2025

HPL_pdgesv() end time   Tue Apr 29 19:24:22 2025

--------------------------------------------------------------------------------
||Ax-b||_oo/(eps*(||A||_oo*||x||_oo+||b||_oo)*N)=   1.42674546e-03 ...... PASSED
================================================================================
T/V                N    NB     P     Q               Time                 Gflops
--------------------------------------------------------------------------------
WR00R2R4       24000   160     4     6              28.70             3.2120e+02
HPL_pdgesv() start time Tue Apr 29 19:24:24 2025

HPL_pdgesv() end time   Tue Apr 29 19:24:53 2025

--------------------------------------------------------------------------------
||Ax-b||_oo/(eps*(||A||_oo*||x||_oo+||b||_oo)*N)=   1.68951131e-03 ...... PASSED
================================================================================
T/V                N    NB     P     Q               Time                 Gflops
--------------------------------------------------------------------------------
WR00L2L2       20000   120     6     4              21.54             2.4760e+02
HPL_pdgesv() start time Tue Apr 29 19:24:54 2025

HPL_pdgesv() end time   Tue Apr 29 19:25:16 2025

--------------------------------------------------------------------------------
||Ax-b||_oo/(eps*(||A||_oo*||x||_oo+||b||_oo)*N)=   2.02979795e-03 ...... PASSED
================================================================================
T/V                N    NB     P     Q               Time                 Gflops
--------------------------------------------------------------------------------
WR00L2L4       20000   120     6     4              21.39             2.4942e+02
HPL_pdgesv() start time Tue Apr 29 19:25:17 2025

HPL_pdgesv() end time   Tue Apr 29 19:25:39 2025

--------------------------------------------------------------------------------
||Ax-b||_oo/(eps*(||A||_oo*||x||_oo+||b||_oo)*N)=   1.81151402e-03 ...... PASSED
================================================================================
T/V                N    NB     P     Q               Time                 Gflops
--------------------------------------------------------------------------------
WR00L2C2       20000   120     6     4              21.58             2.4712e+02
HPL_pdgesv() start time Tue Apr 29 19:25:40 2025

HPL_pdgesv() end time   Tue Apr 29 19:26:01 2025

--------------------------------------------------------------------------------
||Ax-b||_oo/(eps*(||A||_oo*||x||_oo+||b||_oo)*N)=   2.02979795e-03 ...... PASSED
================================================================================
T/V                N    NB     P     Q               Time                 Gflops
--------------------------------------------------------------------------------
WR00L2C4       20000   120     6     4              21.31             2.5025e+02
HPL_pdgesv() start time Tue Apr 29 19:26:03 2025

HPL_pdgesv() end time   Tue Apr 29 19:26:24 2025

--------------------------------------------------------------------------------
||Ax-b||_oo/(eps*(||A||_oo*||x||_oo+||b||_oo)*N)=   1.81151402e-03 ...... PASSED
================================================================================
T/V                N    NB     P     Q               Time                 Gflops
--------------------------------------------------------------------------------
WR00L2R2       20000   120     6     4              22.54             2.3668e+02
HPL_pdgesv() start time Tue Apr 29 19:26:25 2025

HPL_pdgesv() end time   Tue Apr 29 19:26:48 2025

--------------------------------------------------------------------------------
||Ax-b||_oo/(eps*(||A||_oo*||x||_oo+||b||_oo)*N)=   1.82068032e-03 ...... PASSED
================================================================================
T/V                N    NB     P     Q               Time                 Gflops
--------------------------------------------------------------------------------
WR00L2R4       20000   120     6     4              22.32             2.3900e+02
HPL_pdgesv() start time Tue Apr 29 19:26:49 2025

HPL_pdgesv() end time   Tue Apr 29 19:27:11 2025

--------------------------------------------------------------------------------
||Ax-b||_oo/(eps*(||A||_oo*||x||_oo+||b||_oo)*N)=   1.69545239e-03 ...... PASSED
================================================================================
T/V                N    NB     P     Q               Time                 Gflops
--------------------------------------------------------------------------------
WR00C2L2       20000   120     6     4              21.63             2.4662e+02
HPL_pdgesv() start time Tue Apr 29 19:27:13 2025

HPL_pdgesv() end time   Tue Apr 29 19:27:34 2025

--------------------------------------------------------------------------------
||Ax-b||_oo/(eps*(||A||_oo*||x||_oo+||b||_oo)*N)=   2.02979795e-03 ...... PASSED
================================================================================
T/V                N    NB     P     Q               Time                 Gflops
--------------------------------------------------------------------------------
WR00C2L4       20000   120     6     4              21.64             2.4654e+02
HPL_pdgesv() start time Tue Apr 29 19:27:35 2025

HPL_pdgesv() end time   Tue Apr 29 19:27:57 2025

--------------------------------------------------------------------------------
||Ax-b||_oo/(eps*(||A||_oo*||x||_oo+||b||_oo)*N)=   1.81151402e-03 ...... PASSED
================================================================================
T/V                N    NB     P     Q               Time                 Gflops
--------------------------------------------------------------------------------
WR00C2C2       20000   120     6     4              21.78             2.4494e+02
HPL_pdgesv() start time Tue Apr 29 19:27:58 2025

HPL_pdgesv() end time   Tue Apr 29 19:28:20 2025

--------------------------------------------------------------------------------
||Ax-b||_oo/(eps*(||A||_oo*||x||_oo+||b||_oo)*N)=   2.02979795e-03 ...... PASSED
================================================================================
T/V                N    NB     P     Q               Time                 Gflops
--------------------------------------------------------------------------------
WR00C2C4       20000   120     6     4              21.61             2.4679e+02
HPL_pdgesv() start time Tue Apr 29 19:28:21 2025

HPL_pdgesv() end time   Tue Apr 29 19:28:43 2025

--------------------------------------------------------------------------------
||Ax-b||_oo/(eps*(||A||_oo*||x||_oo+||b||_oo)*N)=   1.81151402e-03 ...... PASSED
================================================================================
T/V                N    NB     P     Q               Time                 Gflops
--------------------------------------------------------------------------------
WR00C2R2       20000   120     6     4              21.83             2.4438e+02
HPL_pdgesv() start time Tue Apr 29 19:28:44 2025

HPL_pdgesv() end time   Tue Apr 29 19:29:06 2025

--------------------------------------------------------------------------------
||Ax-b||_oo/(eps*(||A||_oo*||x||_oo+||b||_oo)*N)=   1.82068032e-03 ...... PASSED
================================================================================
T/V                N    NB     P     Q               Time                 Gflops
--------------------------------------------------------------------------------
WR00C2R4       20000   120     6     4              21.56             2.4739e+02
HPL_pdgesv() start time Tue Apr 29 19:29:07 2025

HPL_pdgesv() end time   Tue Apr 29 19:29:29 2025

--------------------------------------------------------------------------------
||Ax-b||_oo/(eps*(||A||_oo*||x||_oo+||b||_oo)*N)=   1.69545239e-03 ...... PASSED
================================================================================
T/V                N    NB     P     Q               Time                 Gflops
--------------------------------------------------------------------------------
WR00R2L2       20000   120     6     4              21.66             2.4626e+02
HPL_pdgesv() start time Tue Apr 29 19:29:30 2025

HPL_pdgesv() end time   Tue Apr 29 19:29:52 2025

--------------------------------------------------------------------------------
||Ax-b||_oo/(eps*(||A||_oo*||x||_oo+||b||_oo)*N)=   2.02979795e-03 ...... PASSED
================================================================================
T/V                N    NB     P     Q               Time                 Gflops
--------------------------------------------------------------------------------
WR00R2L4       20000   120     6     4              21.89             2.4371e+02
HPL_pdgesv() start time Tue Apr 29 19:29:53 2025

HPL_pdgesv() end time   Tue Apr 29 19:30:15 2025

--------------------------------------------------------------------------------
||Ax-b||_oo/(eps*(||A||_oo*||x||_oo+||b||_oo)*N)=   1.81151402e-03 ...... PASSED
================================================================================
T/V                N    NB     P     Q               Time                 Gflops
--------------------------------------------------------------------------------
WR00R2C2       20000   120     6     4              21.47             2.4841e+02
HPL_pdgesv() start time Tue Apr 29 19:30:16 2025

HPL_pdgesv() end time   Tue Apr 29 19:30:37 2025

--------------------------------------------------------------------------------
||Ax-b||_oo/(eps*(||A||_oo*||x||_oo+||b||_oo)*N)=   2.02979795e-03 ...... PASSED
================================================================================
T/V                N    NB     P     Q               Time                 Gflops
--------------------------------------------------------------------------------
WR00R2C4       20000   120     6     4              21.50             2.4806e+02
HPL_pdgesv() start time Tue Apr 29 19:30:39 2025

HPL_pdgesv() end time   Tue Apr 29 19:31:00 2025

--------------------------------------------------------------------------------
||Ax-b||_oo/(eps*(||A||_oo*||x||_oo+||b||_oo)*N)=   1.81151402e-03 ...... PASSED
================================================================================
T/V                N    NB     P     Q               Time                 Gflops
--------------------------------------------------------------------------------
WR00R2R2       20000   120     6     4              21.76             2.4516e+02
HPL_pdgesv() start time Tue Apr 29 19:31:01 2025

HPL_pdgesv() end time   Tue Apr 29 19:31:23 2025

--------------------------------------------------------------------------------
||Ax-b||_oo/(eps*(||A||_oo*||x||_oo+||b||_oo)*N)=   1.82068032e-03 ...... PASSED
================================================================================
T/V                N    NB     P     Q               Time                 Gflops
--------------------------------------------------------------------------------
WR00R2R4       20000   120     6     4              22.90             2.3296e+02
HPL_pdgesv() start time Tue Apr 29 19:31:24 2025

HPL_pdgesv() end time   Tue Apr 29 19:31:47 2025

--------------------------------------------------------------------------------
||Ax-b||_oo/(eps*(||A||_oo*||x||_oo+||b||_oo)*N)=   1.69545239e-03 ...... PASSED
================================================================================
T/V                N    NB     P     Q               Time                 Gflops
--------------------------------------------------------------------------------
WR00L2L2       20000   160     6     4              21.00             2.5405e+02
HPL_pdgesv() start time Tue Apr 29 19:31:49 2025

HPL_pdgesv() end time   Tue Apr 29 19:32:10 2025

--------------------------------------------------------------------------------
||Ax-b||_oo/(eps*(||A||_oo*||x||_oo+||b||_oo)*N)=   1.57714411e-03 ...... PASSED
================================================================================
T/V                N    NB     P     Q               Time                 Gflops
--------------------------------------------------------------------------------
WR00L2L4       20000   160     6     4              20.76             2.5698e+02
HPL_pdgesv() start time Tue Apr 29 19:32:11 2025

HPL_pdgesv() end time   Tue Apr 29 19:32:32 2025

--------------------------------------------------------------------------------
||Ax-b||_oo/(eps*(||A||_oo*||x||_oo+||b||_oo)*N)=   1.67509779e-03 ...... PASSED
================================================================================
T/V                N    NB     P     Q               Time                 Gflops
--------------------------------------------------------------------------------
WR00L2C2       20000   160     6     4              21.05             2.5343e+02
HPL_pdgesv() start time Tue Apr 29 19:32:33 2025

HPL_pdgesv() end time   Tue Apr 29 19:32:54 2025

--------------------------------------------------------------------------------
||Ax-b||_oo/(eps*(||A||_oo*||x||_oo+||b||_oo)*N)=   1.57714411e-03 ...... PASSED
================================================================================
T/V                N    NB     P     Q               Time                 Gflops
--------------------------------------------------------------------------------
WR00L2C4       20000   160     6     4              21.29             2.5058e+02
HPL_pdgesv() start time Tue Apr 29 19:32:55 2025

HPL_pdgesv() end time   Tue Apr 29 19:33:17 2025

--------------------------------------------------------------------------------
||Ax-b||_oo/(eps*(||A||_oo*||x||_oo+||b||_oo)*N)=   1.67509779e-03 ...... PASSED
================================================================================
T/V                N    NB     P     Q               Time                 Gflops
--------------------------------------------------------------------------------
WR00L2R2       20000   160     6     4              20.85             2.5577e+02
HPL_pdgesv() start time Tue Apr 29 19:33:18 2025

HPL_pdgesv() end time   Tue Apr 29 19:33:39 2025

--------------------------------------------------------------------------------
||Ax-b||_oo/(eps*(||A||_oo*||x||_oo+||b||_oo)*N)=   1.65559692e-03 ...... PASSED
================================================================================
T/V                N    NB     P     Q               Time                 Gflops
--------------------------------------------------------------------------------
WR00L2R4       20000   160     6     4              21.27             2.5082e+02
HPL_pdgesv() start time Tue Apr 29 19:33:40 2025

HPL_pdgesv() end time   Tue Apr 29 19:34:01 2025

--------------------------------------------------------------------------------
||Ax-b||_oo/(eps*(||A||_oo*||x||_oo+||b||_oo)*N)=   1.95516444e-03 ...... PASSED
================================================================================
T/V                N    NB     P     Q               Time                 Gflops
--------------------------------------------------------------------------------
WR00C2L2       20000   160     6     4              20.88             2.5545e+02
HPL_pdgesv() start time Tue Apr 29 19:34:03 2025

HPL_pdgesv() end time   Tue Apr 29 19:34:24 2025

--------------------------------------------------------------------------------
||Ax-b||_oo/(eps*(||A||_oo*||x||_oo+||b||_oo)*N)=   1.57714411e-03 ...... PASSED
================================================================================
T/V                N    NB     P     Q               Time                 Gflops
--------------------------------------------------------------------------------
WR00C2L4       20000   160     6     4              21.62             2.4676e+02
HPL_pdgesv() start time Tue Apr 29 19:34:25 2025

HPL_pdgesv() end time   Tue Apr 29 19:34:47 2025

--------------------------------------------------------------------------------
||Ax-b||_oo/(eps*(||A||_oo*||x||_oo+||b||_oo)*N)=   1.67509779e-03 ...... PASSED
================================================================================
T/V                N    NB     P     Q               Time                 Gflops
--------------------------------------------------------------------------------
WR00C2C2       20000   160     6     4              21.05             2.5340e+02
HPL_pdgesv() start time Tue Apr 29 19:34:48 2025

HPL_pdgesv() end time   Tue Apr 29 19:35:09 2025

--------------------------------------------------------------------------------
||Ax-b||_oo/(eps*(||A||_oo*||x||_oo+||b||_oo)*N)=   1.57714411e-03 ...... PASSED
================================================================================
T/V                N    NB     P     Q               Time                 Gflops
--------------------------------------------------------------------------------
WR00C2C4       20000   160     6     4              21.96             2.4289e+02
HPL_pdgesv() start time Tue Apr 29 19:35:10 2025

HPL_pdgesv() end time   Tue Apr 29 19:35:32 2025

--------------------------------------------------------------------------------
||Ax-b||_oo/(eps*(||A||_oo*||x||_oo+||b||_oo)*N)=   1.67509779e-03 ...... PASSED
================================================================================
T/V                N    NB     P     Q               Time                 Gflops
--------------------------------------------------------------------------------
WR00C2R2       20000   160     6     4              21.46             2.4858e+02
HPL_pdgesv() start time Tue Apr 29 19:35:33 2025

HPL_pdgesv() end time   Tue Apr 29 19:35:55 2025

--------------------------------------------------------------------------------
||Ax-b||_oo/(eps*(||A||_oo*||x||_oo+||b||_oo)*N)=   1.65559692e-03 ...... PASSED
================================================================================
T/V                N    NB     P     Q               Time                 Gflops
--------------------------------------------------------------------------------
WR00C2R4       20000   160     6     4              20.87             2.5559e+02
HPL_pdgesv() start time Tue Apr 29 19:35:56 2025

HPL_pdgesv() end time   Tue Apr 29 19:36:17 2025

--------------------------------------------------------------------------------
||Ax-b||_oo/(eps*(||A||_oo*||x||_oo+||b||_oo)*N)=   1.95516444e-03 ...... PASSED
================================================================================
T/V                N    NB     P     Q               Time                 Gflops
--------------------------------------------------------------------------------
WR00R2L2       20000   160     6     4              20.98             2.5427e+02
HPL_pdgesv() start time Tue Apr 29 19:36:18 2025

HPL_pdgesv() end time   Tue Apr 29 19:36:39 2025

--------------------------------------------------------------------------------
||Ax-b||_oo/(eps*(||A||_oo*||x||_oo+||b||_oo)*N)=   1.57714411e-03 ...... PASSED
================================================================================
T/V                N    NB     P     Q               Time                 Gflops
--------------------------------------------------------------------------------
WR00R2L4       20000   160     6     4              20.84             2.5590e+02
HPL_pdgesv() start time Tue Apr 29 19:36:41 2025

HPL_pdgesv() end time   Tue Apr 29 19:37:01 2025

--------------------------------------------------------------------------------
||Ax-b||_oo/(eps*(||A||_oo*||x||_oo+||b||_oo)*N)=   1.67509779e-03 ...... PASSED
================================================================================
T/V                N    NB     P     Q               Time                 Gflops
--------------------------------------------------------------------------------
WR00R2C2       20000   160     6     4              20.97             2.5439e+02
HPL_pdgesv() start time Tue Apr 29 19:37:03 2025

HPL_pdgesv() end time   Tue Apr 29 19:37:24 2025

--------------------------------------------------------------------------------
||Ax-b||_oo/(eps*(||A||_oo*||x||_oo+||b||_oo)*N)=   1.57714411e-03 ...... PASSED
================================================================================
T/V                N    NB     P     Q               Time                 Gflops
--------------------------------------------------------------------------------
WR00R2C4       20000   160     6     4              21.16             2.5205e+02
HPL_pdgesv() start time Tue Apr 29 19:37:25 2025

HPL_pdgesv() end time   Tue Apr 29 19:37:46 2025

--------------------------------------------------------------------------------
||Ax-b||_oo/(eps*(||A||_oo*||x||_oo+||b||_oo)*N)=   1.67509779e-03 ...... PASSED
================================================================================
T/V                N    NB     P     Q               Time                 Gflops
--------------------------------------------------------------------------------
WR00R2R2       20000   160     6     4              20.93             2.5479e+02
HPL_pdgesv() start time Tue Apr 29 19:37:48 2025

HPL_pdgesv() end time   Tue Apr 29 19:38:08 2025

--------------------------------------------------------------------------------
||Ax-b||_oo/(eps*(||A||_oo*||x||_oo+||b||_oo)*N)=   1.65559692e-03 ...... PASSED
================================================================================
T/V                N    NB     P     Q               Time                 Gflops
--------------------------------------------------------------------------------
WR00R2R4       20000   160     6     4              20.84             2.5593e+02
HPL_pdgesv() start time Tue Apr 29 19:38:10 2025

HPL_pdgesv() end time   Tue Apr 29 19:38:31 2025

--------------------------------------------------------------------------------
||Ax-b||_oo/(eps*(||A||_oo*||x||_oo+||b||_oo)*N)=   1.95516444e-03 ...... PASSED
================================================================================
T/V                N    NB     P     Q               Time                 Gflops
--------------------------------------------------------------------------------
WR00L2L2       24000   120     6     4              39.32             2.3438e+02
HPL_pdgesv() start time Tue Apr 29 19:38:32 2025

HPL_pdgesv() end time   Tue Apr 29 19:39:11 2025

--------------------------------------------------------------------------------
||Ax-b||_oo/(eps*(||A||_oo*||x||_oo+||b||_oo)*N)=   1.64641459e-03 ...... PASSED
================================================================================
T/V                N    NB     P     Q               Time                 Gflops
--------------------------------------------------------------------------------
WR00L2L4       24000   120     6     4              39.73             2.3201e+02
HPL_pdgesv() start time Tue Apr 29 19:39:13 2025

HPL_pdgesv() end time   Tue Apr 29 19:39:53 2025

--------------------------------------------------------------------------------
||Ax-b||_oo/(eps*(||A||_oo*||x||_oo+||b||_oo)*N)=   1.67899010e-03 ...... PASSED
================================================================================
T/V                N    NB     P     Q               Time                 Gflops
--------------------------------------------------------------------------------
WR00L2C2       24000   120     6     4              39.31             2.3447e+02
HPL_pdgesv() start time Tue Apr 29 19:39:55 2025

HPL_pdgesv() end time   Tue Apr 29 19:40:34 2025

--------------------------------------------------------------------------------
||Ax-b||_oo/(eps*(||A||_oo*||x||_oo+||b||_oo)*N)=   1.64641459e-03 ...... PASSED
================================================================================
T/V                N    NB     P     Q               Time                 Gflops
--------------------------------------------------------------------------------
WR00L2C4       24000   120     6     4              39.07             2.3589e+02
HPL_pdgesv() start time Tue Apr 29 19:40:36 2025

HPL_pdgesv() end time   Tue Apr 29 19:41:15 2025

--------------------------------------------------------------------------------
||Ax-b||_oo/(eps*(||A||_oo*||x||_oo+||b||_oo)*N)=   1.67899010e-03 ...... PASSED
================================================================================
T/V                N    NB     P     Q               Time                 Gflops
--------------------------------------------------------------------------------
WR00L2R2       24000   120     6     4              39.26             2.3476e+02
HPL_pdgesv() start time Tue Apr 29 19:41:17 2025

HPL_pdgesv() end time   Tue Apr 29 19:41:56 2025

--------------------------------------------------------------------------------
||Ax-b||_oo/(eps*(||A||_oo*||x||_oo+||b||_oo)*N)=   2.09384785e-03 ...... PASSED
================================================================================
T/V                N    NB     P     Q               Time                 Gflops
--------------------------------------------------------------------------------
WR00L2R4       24000   120     6     4              39.62             2.3261e+02
HPL_pdgesv() start time Tue Apr 29 19:41:58 2025

HPL_pdgesv() end time   Tue Apr 29 19:42:38 2025

--------------------------------------------------------------------------------
||Ax-b||_oo/(eps*(||A||_oo*||x||_oo+||b||_oo)*N)=   1.58239042e-03 ...... PASSED
================================================================================
T/V                N    NB     P     Q               Time                 Gflops
--------------------------------------------------------------------------------
WR00C2L2       24000   120     6     4              39.89             2.3105e+02
HPL_pdgesv() start time Tue Apr 29 19:42:40 2025

HPL_pdgesv() end time   Tue Apr 29 19:43:19 2025

--------------------------------------------------------------------------------
||Ax-b||_oo/(eps*(||A||_oo*||x||_oo+||b||_oo)*N)=   1.64641459e-03 ...... PASSED
================================================================================
T/V                N    NB     P     Q               Time                 Gflops
--------------------------------------------------------------------------------
WR00C2L4       24000   120     6     4              39.34             2.3428e+02
HPL_pdgesv() start time Tue Apr 29 19:43:21 2025

HPL_pdgesv() end time   Tue Apr 29 19:44:01 2025

--------------------------------------------------------------------------------
||Ax-b||_oo/(eps*(||A||_oo*||x||_oo+||b||_oo)*N)=   1.67899010e-03 ...... PASSED
================================================================================
T/V                N    NB     P     Q               Time                 Gflops
--------------------------------------------------------------------------------
WR00C2C2       24000   120     6     4              39.16             2.3534e+02
HPL_pdgesv() start time Tue Apr 29 19:44:02 2025

HPL_pdgesv() end time   Tue Apr 29 19:44:42 2025

--------------------------------------------------------------------------------
||Ax-b||_oo/(eps*(||A||_oo*||x||_oo+||b||_oo)*N)=   1.64641459e-03 ...... PASSED
================================================================================
T/V                N    NB     P     Q               Time                 Gflops
--------------------------------------------------------------------------------
WR00C2C4       24000   120     6     4              39.10             2.3570e+02
HPL_pdgesv() start time Tue Apr 29 19:44:43 2025

HPL_pdgesv() end time   Tue Apr 29 19:45:23 2025

--------------------------------------------------------------------------------
||Ax-b||_oo/(eps*(||A||_oo*||x||_oo+||b||_oo)*N)=   1.67899010e-03 ...... PASSED
================================================================================
T/V                N    NB     P     Q               Time                 Gflops
--------------------------------------------------------------------------------
WR00C2R2       24000   120     6     4              39.15             2.3545e+02
HPL_pdgesv() start time Tue Apr 29 19:45:24 2025

HPL_pdgesv() end time   Tue Apr 29 19:46:04 2025

--------------------------------------------------------------------------------
||Ax-b||_oo/(eps*(||A||_oo*||x||_oo+||b||_oo)*N)=   2.09384785e-03 ...... PASSED
================================================================================
T/V                N    NB     P     Q               Time                 Gflops
--------------------------------------------------------------------------------
WR00C2R4       24000   120     6     4              39.38             2.3404e+02
HPL_pdgesv() start time Tue Apr 29 19:46:05 2025

HPL_pdgesv() end time   Tue Apr 29 19:46:45 2025

--------------------------------------------------------------------------------
||Ax-b||_oo/(eps*(||A||_oo*||x||_oo+||b||_oo)*N)=   1.58239042e-03 ...... PASSED
================================================================================
T/V                N    NB     P     Q               Time                 Gflops
--------------------------------------------------------------------------------
WR00R2L2       24000   120     6     4              39.34             2.3431e+02
HPL_pdgesv() start time Tue Apr 29 19:46:47 2025

HPL_pdgesv() end time   Tue Apr 29 19:47:26 2025

--------------------------------------------------------------------------------
||Ax-b||_oo/(eps*(||A||_oo*||x||_oo+||b||_oo)*N)=   1.64641459e-03 ...... PASSED
================================================================================
T/V                N    NB     P     Q               Time                 Gflops
--------------------------------------------------------------------------------
WR00R2L4       24000   120     6     4              39.43             2.3373e+02
HPL_pdgesv() start time Tue Apr 29 19:47:28 2025

HPL_pdgesv() end time   Tue Apr 29 19:48:07 2025

--------------------------------------------------------------------------------
||Ax-b||_oo/(eps*(||A||_oo*||x||_oo+||b||_oo)*N)=   1.67899010e-03 ...... PASSED
================================================================================
T/V                N    NB     P     Q               Time                 Gflops
--------------------------------------------------------------------------------
WR00R2C2       24000   120     6     4              39.28             2.3465e+02
HPL_pdgesv() start time Tue Apr 29 19:48:09 2025

HPL_pdgesv() end time   Tue Apr 29 19:48:48 2025

--------------------------------------------------------------------------------
||Ax-b||_oo/(eps*(||A||_oo*||x||_oo+||b||_oo)*N)=   1.64641459e-03 ...... PASSED
================================================================================
T/V                N    NB     P     Q               Time                 Gflops
--------------------------------------------------------------------------------
WR00R2C4       24000   120     6     4              39.31             2.3445e+02
HPL_pdgesv() start time Tue Apr 29 19:48:50 2025

HPL_pdgesv() end time   Tue Apr 29 19:49:30 2025

--------------------------------------------------------------------------------
||Ax-b||_oo/(eps*(||A||_oo*||x||_oo+||b||_oo)*N)=   1.67899010e-03 ...... PASSED
================================================================================
T/V                N    NB     P     Q               Time                 Gflops
--------------------------------------------------------------------------------
WR00R2R2       24000   120     6     4              39.32             2.3442e+02
HPL_pdgesv() start time Tue Apr 29 19:49:31 2025

HPL_pdgesv() end time   Tue Apr 29 19:50:11 2025

--------------------------------------------------------------------------------
||Ax-b||_oo/(eps*(||A||_oo*||x||_oo+||b||_oo)*N)=   2.09384785e-03 ...... PASSED
================================================================================
T/V                N    NB     P     Q               Time                 Gflops
--------------------------------------------------------------------------------
WR00R2R4       24000   120     6     4              39.52             2.3322e+02
HPL_pdgesv() start time Tue Apr 29 19:50:13 2025

HPL_pdgesv() end time   Tue Apr 29 19:50:52 2025

--------------------------------------------------------------------------------
||Ax-b||_oo/(eps*(||A||_oo*||x||_oo+||b||_oo)*N)=   1.58239042e-03 ...... PASSED
================================================================================
T/V                N    NB     P     Q               Time                 Gflops
--------------------------------------------------------------------------------
WR00L2L2       24000   160     6     4              33.49             2.7521e+02
HPL_pdgesv() start time Tue Apr 29 19:50:54 2025

HPL_pdgesv() end time   Tue Apr 29 19:51:28 2025

--------------------------------------------------------------------------------
||Ax-b||_oo/(eps*(||A||_oo*||x||_oo+||b||_oo)*N)=   1.71246251e-03 ...... PASSED
================================================================================
T/V                N    NB     P     Q               Time                 Gflops
--------------------------------------------------------------------------------
WR00L2L4       24000   160     6     4              33.84             2.7239e+02
HPL_pdgesv() start time Tue Apr 29 19:51:29 2025

HPL_pdgesv() end time   Tue Apr 29 19:52:03 2025

--------------------------------------------------------------------------------
||Ax-b||_oo/(eps*(||A||_oo*||x||_oo+||b||_oo)*N)=   2.17518890e-03 ...... PASSED
================================================================================
T/V                N    NB     P     Q               Time                 Gflops
--------------------------------------------------------------------------------
WR00L2C2       24000   160     6     4              34.01             2.7100e+02
HPL_pdgesv() start time Tue Apr 29 19:52:05 2025

HPL_pdgesv() end time   Tue Apr 29 19:52:39 2025

--------------------------------------------------------------------------------
||Ax-b||_oo/(eps*(||A||_oo*||x||_oo+||b||_oo)*N)=   1.71246251e-03 ...... PASSED
================================================================================
T/V                N    NB     P     Q               Time                 Gflops
--------------------------------------------------------------------------------
WR00L2C4       24000   160     6     4              33.69             2.7361e+02
HPL_pdgesv() start time Tue Apr 29 19:52:41 2025

HPL_pdgesv() end time   Tue Apr 29 19:53:15 2025

--------------------------------------------------------------------------------
||Ax-b||_oo/(eps*(||A||_oo*||x||_oo+||b||_oo)*N)=   2.17518890e-03 ...... PASSED
================================================================================
T/V                N    NB     P     Q               Time                 Gflops
--------------------------------------------------------------------------------
WR00L2R2       24000   160     6     4              33.59             2.7442e+02
HPL_pdgesv() start time Tue Apr 29 19:53:16 2025

HPL_pdgesv() end time   Tue Apr 29 19:53:50 2025

--------------------------------------------------------------------------------
||Ax-b||_oo/(eps*(||A||_oo*||x||_oo+||b||_oo)*N)=   2.00880425e-03 ...... PASSED
================================================================================
T/V                N    NB     P     Q               Time                 Gflops
--------------------------------------------------------------------------------
WR00L2R4       24000   160     6     4              34.43             2.6773e+02
HPL_pdgesv() start time Tue Apr 29 19:53:52 2025

HPL_pdgesv() end time   Tue Apr 29 19:54:26 2025

--------------------------------------------------------------------------------
||Ax-b||_oo/(eps*(||A||_oo*||x||_oo+||b||_oo)*N)=   2.29916673e-03 ...... PASSED
================================================================================
T/V                N    NB     P     Q               Time                 Gflops
--------------------------------------------------------------------------------
WR00C2L2       24000   160     6     4              33.85             2.7232e+02
HPL_pdgesv() start time Tue Apr 29 19:54:28 2025

HPL_pdgesv() end time   Tue Apr 29 19:55:02 2025

--------------------------------------------------------------------------------
||Ax-b||_oo/(eps*(||A||_oo*||x||_oo+||b||_oo)*N)=   1.71246251e-03 ...... PASSED
================================================================================
T/V                N    NB     P     Q               Time                 Gflops
--------------------------------------------------------------------------------
WR00C2L4       24000   160     6     4              33.59             2.7442e+02
HPL_pdgesv() start time Tue Apr 29 19:55:04 2025

HPL_pdgesv() end time   Tue Apr 29 19:55:37 2025

--------------------------------------------------------------------------------
||Ax-b||_oo/(eps*(||A||_oo*||x||_oo+||b||_oo)*N)=   2.17518890e-03 ...... PASSED
================================================================================
T/V                N    NB     P     Q               Time                 Gflops
--------------------------------------------------------------------------------
WR00C2C2       24000   160     6     4              33.77             2.7296e+02
HPL_pdgesv() start time Tue Apr 29 19:55:39 2025

HPL_pdgesv() end time   Tue Apr 29 19:56:13 2025

--------------------------------------------------------------------------------
||Ax-b||_oo/(eps*(||A||_oo*||x||_oo+||b||_oo)*N)=   1.71246251e-03 ...... PASSED
================================================================================
T/V                N    NB     P     Q               Time                 Gflops
--------------------------------------------------------------------------------
WR00C2C4       24000   160     6     4              33.58             2.7446e+02
HPL_pdgesv() start time Tue Apr 29 19:56:15 2025

HPL_pdgesv() end time   Tue Apr 29 19:56:49 2025

--------------------------------------------------------------------------------
||Ax-b||_oo/(eps*(||A||_oo*||x||_oo+||b||_oo)*N)=   2.17518890e-03 ...... PASSED
================================================================================
T/V                N    NB     P     Q               Time                 Gflops
--------------------------------------------------------------------------------
WR00C2R2       24000   160     6     4              33.74             2.7315e+02
HPL_pdgesv() start time Tue Apr 29 19:56:50 2025

HPL_pdgesv() end time   Tue Apr 29 19:57:24 2025

--------------------------------------------------------------------------------
||Ax-b||_oo/(eps*(||A||_oo*||x||_oo+||b||_oo)*N)=   2.00880425e-03 ...... PASSED
================================================================================
T/V                N    NB     P     Q               Time                 Gflops
--------------------------------------------------------------------------------
WR00C2R4       24000   160     6     4              34.35             2.6829e+02
HPL_pdgesv() start time Tue Apr 29 19:57:26 2025

HPL_pdgesv() end time   Tue Apr 29 19:58:00 2025

--------------------------------------------------------------------------------
||Ax-b||_oo/(eps*(||A||_oo*||x||_oo+||b||_oo)*N)=   2.29916673e-03 ...... PASSED
================================================================================
T/V                N    NB     P     Q               Time                 Gflops
--------------------------------------------------------------------------------
WR00R2L2       24000   160     6     4              34.12             2.7013e+02
HPL_pdgesv() start time Tue Apr 29 19:58:02 2025

HPL_pdgesv() end time   Tue Apr 29 19:58:36 2025

--------------------------------------------------------------------------------
||Ax-b||_oo/(eps*(||A||_oo*||x||_oo+||b||_oo)*N)=   1.71246251e-03 ...... PASSED
================================================================================
T/V                N    NB     P     Q               Time                 Gflops
--------------------------------------------------------------------------------
WR00R2L4       24000   160     6     4              33.78             2.7283e+02
HPL_pdgesv() start time Tue Apr 29 19:58:38 2025

HPL_pdgesv() end time   Tue Apr 29 19:59:12 2025

--------------------------------------------------------------------------------
||Ax-b||_oo/(eps*(||A||_oo*||x||_oo+||b||_oo)*N)=   2.17518890e-03 ...... PASSED
================================================================================
T/V                N    NB     P     Q               Time                 Gflops
--------------------------------------------------------------------------------
WR00R2C2       24000   160     6     4              33.97             2.7132e+02
HPL_pdgesv() start time Tue Apr 29 19:59:14 2025

HPL_pdgesv() end time   Tue Apr 29 19:59:48 2025

--------------------------------------------------------------------------------
||Ax-b||_oo/(eps*(||A||_oo*||x||_oo+||b||_oo)*N)=   1.71246251e-03 ...... PASSED
================================================================================
T/V                N    NB     P     Q               Time                 Gflops
--------------------------------------------------------------------------------
WR00R2C4       24000   160     6     4              33.84             2.7239e+02
HPL_pdgesv() start time Tue Apr 29 19:59:49 2025

HPL_pdgesv() end time   Tue Apr 29 20:00:23 2025

--------------------------------------------------------------------------------
||Ax-b||_oo/(eps*(||A||_oo*||x||_oo+||b||_oo)*N)=   2.17518890e-03 ...... PASSED
================================================================================
T/V                N    NB     P     Q               Time                 Gflops
--------------------------------------------------------------------------------
WR00R2R2       24000   160     6     4              33.76             2.7301e+02
HPL_pdgesv() start time Tue Apr 29 20:00:25 2025

HPL_pdgesv() end time   Tue Apr 29 20:00:59 2025

--------------------------------------------------------------------------------
||Ax-b||_oo/(eps*(||A||_oo*||x||_oo+||b||_oo)*N)=   2.00880425e-03 ...... PASSED
================================================================================
T/V                N    NB     P     Q               Time                 Gflops
--------------------------------------------------------------------------------
WR00R2R4       24000   160     6     4              35.36             2.6067e+02
HPL_pdgesv() start time Tue Apr 29 20:01:01 2025

HPL_pdgesv() end time   Tue Apr 29 20:01:36 2025

--------------------------------------------------------------------------------
||Ax-b||_oo/(eps*(||A||_oo*||x||_oo+||b||_oo)*N)=   2.29916673e-03 ...... PASSED
================================================================================

Finished    144 tests with the following results:
            144 tests completed and passed residual checks,
              0 tests completed and failed residual checks,
              0 tests skipped because of illegal input values.
--------------------------------------------------------------------------------

End of Tests.
================================================================================
